<testsuites id="" name="" tests="1" failures="1" skipped="0" errors="0" time="27.062498999999995">
<testsuite name="cdms\JP-MVN2025-ALL\date.test.ts" timestamp="2026-03-27T09:02:29.843Z" hostname="cdms" tests="1" failures="1" skipped="0" time="2.537" errors="0">
<testcase name="[EDC]  › [EDC] Background Color Test › 설정한 Background 색상이 표시된다" classname="cdms\JP-MVN2025-ALL\date.test.ts" time="2.537">
<failure message="date.test.ts:178:9 설정한 Background 색상이 표시된다" type="FAILURE">
<![CDATA[  [cdms] › cdms\JP-MVN2025-ALL\date.test.ts:178:9 › [EDC]  › [EDC] Background Color Test › 설정한 Background 색상이 표시된다 › 설정한 셀의 Background 색상 확인 

    Error: expect(received).toBe(expected) // Object.is equality

    Expected: "rgb(2, 242, 247)"
    Received: "rgb(237, 242, 247)"

      186 |         const tableItemBgColor = await datePage.getBackgroundColor("div.item-appendable-table-row > :first-child > :first-child");
      187 |
    > 188 |         expect(itemBgColor).toBe(ITEM_BACKGROUND_COLOR_GRAY);
          |                             ^
      189 |         expect(tableItemBgColor).toBe(ITEM_BACKGROUND_COLOR_GRAY);
      190 |       });
      191 |     });
        at C:\Users\jkan\e2e_auto\tests\cdms\JP-MVN2025-ALL\date.test.ts:188:29
        at C:\Users\jkan\e2e_auto\tests\cdms\JP-MVN2025-ALL\date.test.ts:184:7

    attachment #1: screenshot (image/png) ──────────────────────────────────────────────────────────
    ..\test-results\cdms-JP-MVN2025-ALL-date---73fd7-est-설정한-Background-색상이-표시된다-cdms\test-failed-1.png
    ────────────────────────────────────────────────────────────────────────────────────────────────

    Error Context: ..\test-results\cdms-JP-MVN2025-ALL-date---73fd7-est-설정한-Background-색상이-표시된다-cdms\error-context.md

    attachment #3: trace (application/zip) ─────────────────────────────────────────────────────────
    ..\test-results\cdms-JP-MVN2025-ALL-date---73fd7-est-설정한-Background-색상이-표시된다-cdms\trace.zip
    Usage:

        npx playwright show-trace ..\test-results\cdms-JP-MVN2025-ALL-date---73fd7-est-설정한-Background-색상이-표시된다-cdms\trace.zip

    ────────────────────────────────────────────────────────────────────────────────────────────────
]]>
</failure>
<system-out>
<![CDATA[중복 로그인 팝업 처리 완료
팝업 1개 처리 완료

[[ATTACHMENT|cdms-JP-MVN2025-ALL-date---73fd7-est-설정한-Background-색상이-표시된다-cdms\test-failed-1.png]]

[[ATTACHMENT|cdms-JP-MVN2025-ALL-date---73fd7-est-설정한-Background-색상이-표시된다-cdms\error-context.md]]

[[ATTACHMENT|cdms-JP-MVN2025-ALL-date---73fd7-est-설정한-Background-색상이-표시된다-cdms\trace.zip]]
]]>
</system-out>
<system-err>
<![CDATA[❌ 실패한 테스트: 설정한 Background 색상이 표시된다
   실패 원인: Error: [2mexpect([22m[31mreceived[39m[2m).[22mtoBe[2m([22m[32mexpected[39m[2m) // Object.is equality[22m

Expected: [32m"rgb(2, 242, 247)"[39m
Received: [31m"rgb(2[7m37[27m, 242, 247)"[39m
   스크린샷: test-results/screenshots/설정한 Background 색상이 표시된다.png
]]>
</system-err>
</testcase>
</testsuite>
</testsuites>