<testsuites id="" name="" tests="4" failures="0" skipped="0" errors="0" time="39.604214999999854">
<testsuite name="cdms\JP-MVN2025-ALL\eSign.test.ts" timestamp="2026-04-29T06:48:18.182Z" hostname="cdms" tests="4" failures="0" skipped="0" time="14.755" errors="0">
<testcase name="[EDC] Second E-sign 테스트 › [EDC] Second E-sign 플로우 › 1. 사용자가 Second E-Sign 버튼을 클릭하면, 전자 서명이 완료되며, 해당 페이지에 서명 날짜가 표기된다" classname="cdms\JP-MVN2025-ALL\eSign.test.ts" time="9.255">
<system-out>
<![CDATA[팝업 1개 처리 완료

[[ATTACHMENT|cdms-JP-MVN2025-ALL-eSign--6522e-명이-완료되며-해당-페이지에-서명-날짜가-표기된다-cdms\trace.zip]]
]]>
</system-out>
</testcase>
<testcase name="[EDC] Second E-sign 테스트 › [EDC] Second E-sign 플로우 › 2. 사용자가 Second E-Sign 버튼을 클릭하여 전자 서명이 완료되면 Audit Trail에 Second E-Sign ON로 표기된다" classname="cdms\JP-MVN2025-ALL\eSign.test.ts" time="2.171">
<system-out>
<![CDATA[
[[ATTACHMENT|cdms-JP-MVN2025-ALL-eSign--de62b-ail에-Second-E-Sign-ON로-표기된다-cdms\trace.zip]]
]]>
</system-out>
</testcase>
<testcase name="[EDC] Second E-sign 테스트 › [EDC] Second E-sign 플로우 › 3. 사용자가 Cancel Second E-Sign 버튼을 클릭하면, 전자 서명이 취소되며, 해당 페이지의 서명 날짜가 표기되지 않는다" classname="cdms\JP-MVN2025-ALL\eSign.test.ts" time="1.214">
<system-out>
<![CDATA[
[[ATTACHMENT|cdms-JP-MVN2025-ALL-eSign--e4494-소되며-해당-페이지의-서명-날짜가-표기되지-않는다-cdms\trace.zip]]
]]>
</system-out>
</testcase>
<testcase name="[EDC] Second E-sign 테스트 › [EDC] Second E-sign 플로우 › 4. 사용자가 Cancel Second E-Sign 버튼을 클릭하면, 전자 서명이 취소되며, Audit Trail에 Second E-Sign OFF로 표기된다" classname="cdms\JP-MVN2025-ALL\eSign.test.ts" time="2.115">
<system-out>
<![CDATA[
[[ATTACHMENT|cdms-JP-MVN2025-ALL-eSign--9069f-il에-Second-E-Sign-OFF로-표기된다-cdms\trace.zip]]
]]>
</system-out>
</testcase>
</testsuite>
</testsuites>