<testsuites id="" name="" tests="4" failures="0" skipped="4" errors="0" time="37.622851000000004">
<testsuite name="cdms\JP-MVN2025-ALL\eSign.test.ts" timestamp="2026-04-24T04:10:49.211Z" hostname="cdms" tests="4" failures="0" skipped="4" time="16.421" errors="0">
<testcase name="[EDC] Second E-sign 테스트 › [EDC] Second E-sign 플로우 › 1. 사용자가 Second E-Sign 버튼을 클릭하면, 전자 서명이 완료되며, 해당 페이지에 서명 날짜가 표기된다" classname="cdms\JP-MVN2025-ALL\eSign.test.ts" time="16.421">
<skipped>
</skipped>
</testcase>
<testcase name="[EDC] Second E-sign 테스트 › [EDC] Second E-sign 플로우 › 2. 사용자가 Second E-Sign 버튼을 클릭하여 전자 서명이 완료되면 Audit Trail에 Second Signed로 표기된다" classname="cdms\JP-MVN2025-ALL\eSign.test.ts" time="0">
<skipped>
</skipped>
</testcase>
<testcase name="[EDC] Second E-sign 테스트 › [EDC] Second E-sign 플로우 › 3. 사용자가 Cancel Second E-Sign 버튼을 클릭하면, 전자 서명이 취소되며, 해당 페이지의 서명 날짜가 표기되지 않는다" classname="cdms\JP-MVN2025-ALL\eSign.test.ts" time="0">
<skipped>
</skipped>
</testcase>
<testcase name="[EDC] Second E-sign 테스트 › [EDC] Second E-sign 플로우 › 4. 사용자가 Cancel Second E-Sign 버튼을 클릭하면, 전자 서명이 취소되며, Audit Trail에 Second Unsigned로 표기된다" classname="cdms\JP-MVN2025-ALL\eSign.test.ts" time="0">
<skipped>
</skipped>
</testcase>
</testsuite>
</testsuites>