<testsuites id="" name="" tests="5" failures="3" skipped="0" errors="0" time="106.041891">
<testsuite name="auth\login.test.ts" timestamp="2025-09-25T01:43:37.188Z" hostname="chromium" tests="3" failures="1" skipped="0" time="23.572" errors="0">
<testcase name="RTSM ì¸ì¦ í…ŒìŠ¤íŠ¸ â€º í˜ì´ì§€ ì ‘ì† í…ŒìŠ¤íŠ¸" classname="auth\login.test.ts" time="3.214">
<system-out>
<![CDATA[âœ… ëª¨ë“  í™˜ê²½ ë³€ìˆ˜ê°€ ì˜¬ë°”ë¥´ê²Œ ì„¤ì •ë˜ì—ˆìŠµë‹ˆë‹¤.
âœ… í˜ì´ì§€ ì ‘ì† ë° ë¡œê·¸ì¸ í¼ í™•ì¸ ì™„ë£Œ
]]>
</system-out>
</testcase>
<testcase name="RTSM ì¸ì¦ í…ŒìŠ¤íŠ¸ â€º ë””ë°”ì´ìŠ¤ í‚¤ ì—†ì´ ë¡œê·¸ì¸ í…ŒìŠ¤íŠ¸ (ì¸ì¦ë²ˆí˜¸ ë‹¨ê³„ í¬í•¨)" classname="auth\login.test.ts" time="7.98">
<system-out>
<![CDATA[ğŸ” ì¤‘ë³µ ë¡œê·¸ì¸ íŒì—… í™•ì¸ ì¤‘...
âœ… ì¤‘ë³µ ë¡œê·¸ì¸ íŒì—… ì—†ìŒ - ì •ìƒ ì§„í–‰
í˜„ì¬ URL: https://rtsm.sso.staging.mavenclinical.com/auth/sign-in?ssogw=eyJyZWRpcmVjdCI6Imh0dHBzOi8vc3RhZ2luZy5ydHNtLm1hdmVuY2xpbmljYWwuY29tL2F1dGgiLCJ1dWlkIjoiYzc1OTMyNWEtMTU4YS00YTkxLWI2NjktYTdkZmVmNzk4N2YxIiwia2V5IjoiLS0tLS1CRUdJTiBQVUJMSUMgS0VZLS0tLS1cbk1Gd3dEUVlKS29aSWh2Y05BUUVCQlFBRFN3QXdTQUpCQUtlUG1Ray9YZklINmJOSDZwUXMzYWxZOVRNV2lESWdcbnZYd1FCZFlOUVQyT3VIaTlYVEtZd2Q5NDI3dmd4ZVY2T3lFZGpMWnRHdEZza3FMZkJvZksyYVVDQXdFQUFRPT1cbi0tLS0tRU5EIFBVQkxJQyBLRVktLS0tLSJ9
ì¸ì¦ë²ˆí˜¸ ì…ë ¥ì´ í•„ìš”í•œ ìƒíƒœì…ë‹ˆë‹¤.
]]>
</system-out>
</testcase>
<testcase name="RTSM ì¸ì¦ í…ŒìŠ¤íŠ¸ â€º ë””ë°”ì´ìŠ¤ í‚¤ë¡œ ë¡œê·¸ì¸ ë° ë¡œê·¸ì•„ì›ƒ í…ŒìŠ¤íŠ¸ (ì „ì²´ í”Œë¡œìš°)" classname="auth\login.test.ts" time="12.378">
<failure message="login.test.ts:73:7 ë””ë°”ì´ìŠ¤ í‚¤ë¡œ ë¡œê·¸ì¸ ë° ë¡œê·¸ì•„ì›ƒ í…ŒìŠ¤íŠ¸ (ì „ì²´ í”Œë¡œìš°)" type="FAILURE">
<![CDATA[  [chromium] â€º auth\login.test.ts:73:7 â€º RTSM ì¸ì¦ í…ŒìŠ¤íŠ¸ â€º ë””ë°”ì´ìŠ¤ í‚¤ë¡œ ë¡œê·¸ì¸ ë° ë¡œê·¸ì•„ì›ƒ í…ŒìŠ¤íŠ¸ (ì „ì²´ í”Œë¡œìš°) â”€â”€â”€â”€â”€â”€â”€â”€â”€â”€â”€â”€â”€

    Error: ë¡œê·¸ì•„ì›ƒ ë²„íŠ¼ì„ ì°¾ì„ ìˆ˜ ì—†ìŠµë‹ˆë‹¤.

       at helpers\page-helpers.ts:514

      512 |       console.log('í˜„ì¬ í˜ì´ì§€ ë‚´ìš©:', dropdownContent?.substring(0, 300));
      513 |       
    > 514 |       throw new Error('ë¡œê·¸ì•„ì›ƒ ë²„íŠ¼ì„ ì°¾ì„ ìˆ˜ ì—†ìŠµë‹ˆë‹¤.');
          |             ^
      515 |     }
      516 |   }
      517 |
        at PageHelpers.clickLogoutButton (C:\Users\jkan\e2e_auto\tests\helpers\page-helpers.ts:514:13)
        at PageHelpers.performLogout (C:\Users\jkan\e2e_auto\tests\helpers\page-helpers.ts:530:7)
        at performLogout (C:\Users\jkan\e2e_auto\tests\helpers\page-helpers.ts:742:3)
        at C:\Users\jkan\e2e_auto\tests\auth\login.test.ts:102:7

    attachment #1: screenshot (image/png) â”€â”€â”€â”€â”€â”€â”€â”€â”€â”€â”€â”€â”€â”€â”€â”€â”€â”€â”€â”€â”€â”€â”€â”€â”€â”€â”€â”€â”€â”€â”€â”€â”€â”€â”€â”€â”€â”€â”€â”€â”€â”€â”€â”€â”€â”€â”€â”€â”€â”€â”€â”€â”€â”€â”€â”€â”€â”€
    ..\test-results\auth-login-RTSM-ì¸ì¦-í…ŒìŠ¤íŠ¸-ë””ë°”ì´ìŠ¤-í‚¤ë¡œ-ë¡œê·¸ì¸-ë°-ë¡œê·¸ì•„ì›ƒ-í…ŒìŠ¤íŠ¸-ì „ì²´-í”Œë¡œìš°--chromium\test-failed-1.png
    â”€â”€â”€â”€â”€â”€â”€â”€â”€â”€â”€â”€â”€â”€â”€â”€â”€â”€â”€â”€â”€â”€â”€â”€â”€â”€â”€â”€â”€â”€â”€â”€â”€â”€â”€â”€â”€â”€â”€â”€â”€â”€â”€â”€â”€â”€â”€â”€â”€â”€â”€â”€â”€â”€â”€â”€â”€â”€â”€â”€â”€â”€â”€â”€â”€â”€â”€â”€â”€â”€â”€â”€â”€â”€â”€â”€â”€â”€â”€â”€â”€â”€â”€â”€â”€â”€â”€â”€â”€â”€â”€â”€â”€â”€â”€â”€
]]>
</failure>
<system-out>
<![CDATA[ğŸš€ ë””ë°”ì´ìŠ¤ í‚¤ ë¡œê·¸ì¸ ë° ë¡œê·¸ì•„ì›ƒ ì „ì²´ í”Œë¡œìš° í…ŒìŠ¤íŠ¸ ì‹œì‘
1ï¸âƒ£ í˜ì´ì§€ ì ‘ì† ì¤‘...
2ï¸âƒ£ ë””ë°”ì´ìŠ¤ ì¸ì¦ í‚¤ ì„¤ì • ì¤‘...
âœ… ë””ë°”ì´ìŠ¤ ì¸ì¦ í‚¤ê°€ ì„±ê³µì ìœ¼ë¡œ ì„¤ì •ë˜ì—ˆìŠµë‹ˆë‹¤.
3ï¸âƒ£ ë¡œê·¸ì¸ ìˆ˜í–‰ ì¤‘...
ğŸ” ì¤‘ë³µ ë¡œê·¸ì¸ íŒì—… í™•ì¸ ì¤‘...
âœ… ì¤‘ë³µ ë¡œê·¸ì¸ íŒì—… ì—†ìŒ - ì •ìƒ ì§„í–‰
4ï¸âƒ£ ë¡œê·¸ì¸ ì„±ê³µ í™•ì¸ ì¤‘...
í˜„ì¬ URL: https://staging.rtsm.mavenclinical.com/
í˜ì´ì§€ ì œëª©: Maven RTSM
í˜ì´ì§€ ë‚´ìš© ë¯¸ë¦¬ë³´ê¸°: 
    English59:54Waken: Thu Sep 25 2025 10:44:00 GMT+0900 (Korean Standard Time)JK11StudyRelease NoteVersion 1.1.23.0HomeStudyStudyView and select a study from your authorized list.OngoingClosedNo.EnvStudy NameProtocol No.DB StatusStudy TitleStudy PhaseSponsorCROLast LockedLast UnlockedCreated atNo 
âœ… URL ê¸°ë°˜ìœ¼ë¡œ ë¡œê·¸ì¸ ì„±ê³µ í™•ì¸ë¨
âœ… ë””ë°”ì´ìŠ¤ í‚¤ë¥¼ ì‚¬ìš©í•œ ë¡œê·¸ì¸ ì„±ê³µ - ì¸ì¦ë²ˆí˜¸ ë‹¨ê³„ ìƒëµë¨
6ï¸âƒ£ ë¡œê·¸ì•„ì›ƒ ì‹œë„ ì¤‘...
ì‚¬ìš©ì ë©”ë‰´ í´ë¦­ ì‹œë„ ì¤‘...
ì‚¬ìš©ì ë©”ë‰´ ë²„íŠ¼ ë°œê²¬: .css-unzqs5 button.GrButton:has(.GrIcon)
ë²„íŠ¼ í…ìŠ¤íŠ¸: English
âœ… ì‚¬ìš©ì ë©”ë‰´ í´ë¦­ ì„±ê³µ
ë¡œê·¸ì•„ì›ƒ ë²„íŠ¼ í´ë¦­ ì‹œë„ ì¤‘...
âš ï¸ ë¡œê·¸ì•„ì›ƒ ë²„íŠ¼ì„ ì°¾ì„ ìˆ˜ ì—†ìŠµë‹ˆë‹¤.
í˜„ì¬ í˜ì´ì§€ ë‚´ìš©: 
    English59:51Waken: Thu Sep 25 2025 10:44:03 GMT+0900 (Korean Standard Time)JK11StudyRelease NoteVersion 1.1.23.0HomeStudyStudyView and select a study from your authorized list.OngoingClosedNo.EnvStudy NameProtocol No.DB StatusStudy TitleStudy PhaseSponsorCROLast LockedLast UnlockedCreated atNo 
ì‹¤íŒ¨
í˜„ì¬ URL: https://staging.rtsm.mavenclinical.com/

[[ATTACHMENT|auth-login-RTSM-ì¸ì¦-í…ŒìŠ¤íŠ¸-ë””ë°”ì´ìŠ¤-í‚¤ë¡œ-ë¡œê·¸ì¸-ë°-ë¡œê·¸ì•„ì›ƒ-í…ŒìŠ¤íŠ¸-ì „ì²´-í”Œë¡œìš°--chromium\test-failed-1.png]]
]]>
</system-out>
<system-err>
<![CDATA[ë¡œê·¸ì•„ì›ƒ í”„ë¡œì„¸ìŠ¤ ì‹¤íŒ¨: Error: ë¡œê·¸ì•„ì›ƒ ë²„íŠ¼ì„ ì°¾ì„ ìˆ˜ ì—†ìŠµë‹ˆë‹¤.
    at PageHelpers.clickLogoutButton [90m(C:\Users\jkan\e2e_auto\[39mtests\helpers\page-helpers.ts:514:13[90m)[39m
    at PageHelpers.performLogout [90m(C:\Users\jkan\e2e_auto\[39mtests\helpers\page-helpers.ts:530:7[90m)[39m
    at performLogout [90m(C:\Users\jkan\e2e_auto\[39mtests\helpers\page-helpers.ts:742:3[90m)[39m
    at [90mC:\Users\jkan\e2e_auto\[39mtests\auth\login.test.ts:102:7
    at [90mC:\Users\jkan\e2e_auto\[39mnode_modules\[4mplaywright[24m\lib\worker\workerMain.js:309:9
    at [90mC:\Users\jkan\e2e_auto\[39mnode_modules\[4mplaywright[24m\lib\worker\testInfo.js:326:11
    at TimeoutManager.withRunnable [90m(C:\Users\jkan\e2e_auto\[39mnode_modules\[4mplaywright[24m\lib\worker\timeoutManager.js:67:14[90m)[39m
    at TestInfoImpl._runWithTimeout [90m(C:\Users\jkan\e2e_auto\[39mnode_modules\[4mplaywright[24m\lib\worker\testInfo.js:324:7[90m)[39m
    at [90mC:\Users\jkan\e2e_auto\[39mnode_modules\[4mplaywright[24m\lib\worker\workerMain.js:307:7
    at WorkerMain._runTest [90m(C:\Users\jkan\e2e_auto\[39mnode_modules\[4mplaywright[24m\lib\worker\workerMain.js:282:5[90m)[39m
    at WorkerMain.runTestGroup [90m(C:\Users\jkan\e2e_auto\[39mnode_modules\[4mplaywright[24m\lib\worker\workerMain.js:194:11[90m)[39m
    at process.<anonymous> [90m(C:\Users\jkan\e2e_auto\[39mnode_modules\[4mplaywright[24m\lib\common\process.js:65:22[90m)[39m
âŒ ë””ë°”ì´ìŠ¤ í‚¤ ë¡œê·¸ì¸/ë¡œê·¸ì•„ì›ƒ í…ŒìŠ¤íŠ¸ ì‹¤íŒ¨: Error: ë¡œê·¸ì•„ì›ƒ ë²„íŠ¼ì„ ì°¾ì„ ìˆ˜ ì—†ìŠµë‹ˆë‹¤.
    at PageHelpers.clickLogoutButton [90m(C:\Users\jkan\e2e_auto\[39mtests\helpers\page-helpers.ts:514:13[90m)[39m
    at PageHelpers.performLogout [90m(C:\Users\jkan\e2e_auto\[39mtests\helpers\page-helpers.ts:530:7[90m)[39m
    at performLogout [90m(C:\Users\jkan\e2e_auto\[39mtests\helpers\page-helpers.ts:742:3[90m)[39m
    at [90mC:\Users\jkan\e2e_auto\[39mtests\auth\login.test.ts:102:7
    at [90mC:\Users\jkan\e2e_auto\[39mnode_modules\[4mplaywright[24m\lib\worker\workerMain.js:309:9
    at [90mC:\Users\jkan\e2e_auto\[39mnode_modules\[4mplaywright[24m\lib\worker\testInfo.js:326:11
    at TimeoutManager.withRunnable [90m(C:\Users\jkan\e2e_auto\[39mnode_modules\[4mplaywright[24m\lib\worker\timeoutManager.js:67:14[90m)[39m
    at TestInfoImpl._runWithTimeout [90m(C:\Users\jkan\e2e_auto\[39mnode_modules\[4mplaywright[24m\lib\worker\testInfo.js:324:7[90m)[39m
    at [90mC:\Users\jkan\e2e_auto\[39mnode_modules\[4mplaywright[24m\lib\worker\workerMain.js:307:7
    at WorkerMain._runTest [90m(C:\Users\jkan\e2e_auto\[39mnode_modules\[4mplaywright[24m\lib\worker\workerMain.js:282:5[90m)[39m
    at WorkerMain.runTestGroup [90m(C:\Users\jkan\e2e_auto\[39mnode_modules\[4mplaywright[24m\lib\worker\workerMain.js:194:11[90m)[39m
    at process.<anonymous> [90m(C:\Users\jkan\e2e_auto\[39mnode_modules\[4mplaywright[24m\lib\common\process.js:65:22[90m)[39m
]]>
</system-err>
</testcase>
</testsuite>
<testsuite name="study\navigation.test.ts" timestamp="2025-09-25T01:43:37.188Z" hostname="chromium" tests="2" failures="2" skipped="0" time="71.672" errors="0">
<testcase name="RTSM ìŠ¤í„°ë”” ë„¤ë¹„ê²Œì´ì…˜ í…ŒìŠ¤íŠ¸ â€º ìŠ¤í„°ë”” ì„ íƒ ë° Dashboard ì´ë™ í…ŒìŠ¤íŠ¸" classname="study\navigation.test.ts" time="40.134">
<failure message="navigation.test.ts:17:7 ìŠ¤í„°ë”” ì„ íƒ ë° Dashboard ì´ë™ í…ŒìŠ¤íŠ¸" type="FAILURE">
<![CDATA[  [chromium] â€º study\navigation.test.ts:17:7 â€º RTSM ìŠ¤í„°ë”” ë„¤ë¹„ê²Œì´ì…˜ í…ŒìŠ¤íŠ¸ â€º ìŠ¤í„°ë”” ì„ íƒ ë° Dashboard ì´ë™ í…ŒìŠ¤íŠ¸ â”€â”€â”€â”€â”€â”€

    Error: í…Œì´ë¸”ì„ ì°¾ì„ ìˆ˜ ì—†ìŠµë‹ˆë‹¤: TimeoutError: locator.waitFor: Timeout 30000ms exceeded.
    Call log:
      - waiting for locator('table') to be visible


       at helpers\page-helpers.ts:249

      247 |       console.log(`í˜ì´ì§€ ë‚´ìš© ë¯¸ë¦¬ë³´ê¸°: ${pageContent.substring(0, 300)}`);
      248 |       
    > 249 |       throw new Error(`í…Œì´ë¸”ì„ ì°¾ì„ ìˆ˜ ì—†ìŠµë‹ˆë‹¤: ${error}`);
          |             ^
      250 |     }
      251 |   }
      252 |
        at PageHelpers.waitForTableLoading (C:\Users\jkan\e2e_auto\tests\helpers\page-helpers.ts:249:13)
        at waitForTableLoading (C:\Users\jkan\e2e_auto\tests\helpers\page-helpers.ts:734:3)
        at C:\Users\jkan\e2e_auto\tests\study\navigation.test.ts:31:7

    attachment #1: screenshot (image/png) â”€â”€â”€â”€â”€â”€â”€â”€â”€â”€â”€â”€â”€â”€â”€â”€â”€â”€â”€â”€â”€â”€â”€â”€â”€â”€â”€â”€â”€â”€â”€â”€â”€â”€â”€â”€â”€â”€â”€â”€â”€â”€â”€â”€â”€â”€â”€â”€â”€â”€â”€â”€â”€â”€â”€â”€â”€â”€
    ..\test-results\study-navigation-RTSM-ìŠ¤í„°ë””--330af-íŠ¸-ìŠ¤í„°ë””-ì„ íƒ-ë°-Dashboard-ì´ë™-í…ŒìŠ¤íŠ¸-chromium\test-failed-1.png
    â”€â”€â”€â”€â”€â”€â”€â”€â”€â”€â”€â”€â”€â”€â”€â”€â”€â”€â”€â”€â”€â”€â”€â”€â”€â”€â”€â”€â”€â”€â”€â”€â”€â”€â”€â”€â”€â”€â”€â”€â”€â”€â”€â”€â”€â”€â”€â”€â”€â”€â”€â”€â”€â”€â”€â”€â”€â”€â”€â”€â”€â”€â”€â”€â”€â”€â”€â”€â”€â”€â”€â”€â”€â”€â”€â”€â”€â”€â”€â”€â”€â”€â”€â”€â”€â”€â”€â”€â”€â”€â”€â”€â”€â”€â”€â”€
]]>
</failure>
<system-out>
<![CDATA[âœ… ëª¨ë“  í™˜ê²½ ë³€ìˆ˜ê°€ ì˜¬ë°”ë¥´ê²Œ ì„¤ì •ë˜ì—ˆìŠµë‹ˆë‹¤.
âœ… ë””ë°”ì´ìŠ¤ ì¸ì¦ í‚¤ê°€ ì„±ê³µì ìœ¼ë¡œ ì„¤ì •ë˜ì—ˆìŠµë‹ˆë‹¤.
ğŸ” ì¤‘ë³µ ë¡œê·¸ì¸ íŒì—… í™•ì¸ ì¤‘...
âš ï¸ ì¤‘ë³µ ë¡œê·¸ì¸ íŒì—… ë°œê²¬ë¨
ğŸ“ ê°ì§€ ë°©ë²•: í…ìŠ¤íŠ¸ ê¸°ë°˜ ê°ì§€
âœ… "button:has-text("Confirm")" ë²„íŠ¼ í´ë¦­í•˜ì—¬ ì¤‘ë³µ ë¡œê·¸ì¸ í•´ê²°
âœ… ì¤‘ë³µ ë¡œê·¸ì¸ íŒì—… ì²˜ë¦¬ ì™„ë£Œ
âœ… ì¤‘ë³µ ë¡œê·¸ì¸ íŒì—… ì²˜ë¦¬ ì™„ë£Œ
í˜„ì¬ URL: https://staging.rtsm.mavenclinical.com/
í˜ì´ì§€ ì œëª©: Maven RTSM
í˜ì´ì§€ ë‚´ìš© ë¯¸ë¦¬ë³´ê¸°: 
    English59:54Waken: Thu Sep 25 2025 10:44:17 GMT+0900 (Korean Standard Time)JK11StudyRelease NoteVersion 1.1.23.0HomeStudyStudyView and select a study from your authorized list.OngoingClosedNo.EnvStudy NameProtocol No.DB StatusStudy TitleStudy PhaseSponsorCROLast LockedLast UnlockedCreated atNo 
âœ… URL ê¸°ë°˜ìœ¼ë¡œ ë¡œê·¸ì¸ ì„±ê³µ í™•ì¸ë¨
í…Œì´ë¸” ë¡œë”© ëŒ€ê¸° ì¤‘...
í˜ì´ì§€ ë‚´ìš© ë¯¸ë¦¬ë³´ê¸°: 
    English59:24Waken: Thu Sep 25 2025 10:44:47 GMT+0900 (Korean Standard Time)JK11StudyRelease NoteVersion 1.1.23.0HomeStudyStudyView and select a study from your authorized list.OngoingClosedNo.EnvStudy NameProtocol No.DB StatusStudy TitleStudy PhaseSponsorCROLast LockedLast UnlockedCreated atNo 

[[ATTACHMENT|study-navigation-RTSM-ìŠ¤í„°ë””--330af-íŠ¸-ìŠ¤í„°ë””-ì„ íƒ-ë°-Dashboard-ì´ë™-í…ŒìŠ¤íŠ¸-chromium\test-failed-1.png]]
]]>
</system-out>
<system-err>
<![CDATA[ìŠ¤í„°ë”” Dashboard í…ŒìŠ¤íŠ¸ ì‹¤íŒ¨: Error: í…Œì´ë¸”ì„ ì°¾ì„ ìˆ˜ ì—†ìŠµë‹ˆë‹¤: TimeoutError: locator.waitFor: Timeout 30000ms exceeded.
Call log:
[2m  - waiting for locator('table') to be visible[22m

    at PageHelpers.waitForTableLoading [90m(C:\Users\jkan\e2e_auto\[39mtests\helpers\page-helpers.ts:249:13[90m)[39m
    at waitForTableLoading [90m(C:\Users\jkan\e2e_auto\[39mtests\helpers\page-helpers.ts:734:3[90m)[39m
    at [90mC:\Users\jkan\e2e_auto\[39mtests\study\navigation.test.ts:31:7
    at [90mC:\Users\jkan\e2e_auto\[39mnode_modules\[4mplaywright[24m\lib\worker\workerMain.js:309:9
    at [90mC:\Users\jkan\e2e_auto\[39mnode_modules\[4mplaywright[24m\lib\worker\testInfo.js:326:11
    at TimeoutManager.withRunnable [90m(C:\Users\jkan\e2e_auto\[39mnode_modules\[4mplaywright[24m\lib\worker\timeoutManager.js:67:14[90m)[39m
    at TestInfoImpl._runWithTimeout [90m(C:\Users\jkan\e2e_auto\[39mnode_modules\[4mplaywright[24m\lib\worker\testInfo.js:324:7[90m)[39m
    at [90mC:\Users\jkan\e2e_auto\[39mnode_modules\[4mplaywright[24m\lib\worker\workerMain.js:307:7
    at WorkerMain._runTest [90m(C:\Users\jkan\e2e_auto\[39mnode_modules\[4mplaywright[24m\lib\worker\workerMain.js:282:5[90m)[39m
    at WorkerMain.runTestGroup [90m(C:\Users\jkan\e2e_auto\[39mnode_modules\[4mplaywright[24m\lib\worker\workerMain.js:194:11[90m)[39m
    at process.<anonymous> [90m(C:\Users\jkan\e2e_auto\[39mnode_modules\[4mplaywright[24m\lib\common\process.js:65:22[90m)[39m
]]>
</system-err>
</testcase>
<testcase name="RTSM ìŠ¤í„°ë”” ë„¤ë¹„ê²Œì´ì…˜ í…ŒìŠ¤íŠ¸ â€º ìŠ¤í„°ë”” ë©”ë‰´ ë„¤ë¹„ê²Œì´ì…˜ í…ŒìŠ¤íŠ¸" classname="study\navigation.test.ts" time="31.538">
<failure message="navigation.test.ts:131:7 ìŠ¤í„°ë”” ë©”ë‰´ ë„¤ë¹„ê²Œì´ì…˜ í…ŒìŠ¤íŠ¸" type="FAILURE">
<![CDATA[  [chromium] â€º study\navigation.test.ts:131:7 â€º RTSM ìŠ¤í„°ë”” ë„¤ë¹„ê²Œì´ì…˜ í…ŒìŠ¤íŠ¸ â€º ìŠ¤í„°ë”” ë©”ë‰´ ë„¤ë¹„ê²Œì´ì…˜ í…ŒìŠ¤íŠ¸ â”€â”€â”€â”€â”€â”€â”€â”€â”€â”€â”€â”€â”€â”€

    TimeoutError: page.waitForSelector: Timeout 30000ms exceeded.
    Call log:
      - waiting for locator('input[name="email"], input[type="email"], #email') to be visible


       at helpers\test-helpers.ts:165

      163 |   // ì´ë©”ì¼ ì…ë ¥
      164 |   const emailSelector = 'input[name="email"], input[type="email"], #email';
    > 165 |   await page.waitForSelector(emailSelector, { timeout: TEST_CONFIG.timeout });
          |              ^
      166 |   await page.fill(emailSelector, TEST_CONFIG.credentials.email);
      167 |
      168 |   // íŒ¨ìŠ¤ì›Œë“œ ì…ë ¥
        at performLogin (C:\Users\jkan\e2e_auto\tests\helpers\test-helpers.ts:165:14)
        at C:\Users\jkan\e2e_auto\tests\study\navigation.test.ts:139:25

    attachment #1: screenshot (image/png) â”€â”€â”€â”€â”€â”€â”€â”€â”€â”€â”€â”€â”€â”€â”€â”€â”€â”€â”€â”€â”€â”€â”€â”€â”€â”€â”€â”€â”€â”€â”€â”€â”€â”€â”€â”€â”€â”€â”€â”€â”€â”€â”€â”€â”€â”€â”€â”€â”€â”€â”€â”€â”€â”€â”€â”€â”€â”€
    ..\test-results\study-navigation-RTSM-ìŠ¤í„°ë””-ë„¤ë¹„ê²Œì´ì…˜-í…ŒìŠ¤íŠ¸-ìŠ¤í„°ë””-ë©”ë‰´-ë„¤ë¹„ê²Œì´ì…˜-í…ŒìŠ¤íŠ¸-chromium\test-failed-1.png
    â”€â”€â”€â”€â”€â”€â”€â”€â”€â”€â”€â”€â”€â”€â”€â”€â”€â”€â”€â”€â”€â”€â”€â”€â”€â”€â”€â”€â”€â”€â”€â”€â”€â”€â”€â”€â”€â”€â”€â”€â”€â”€â”€â”€â”€â”€â”€â”€â”€â”€â”€â”€â”€â”€â”€â”€â”€â”€â”€â”€â”€â”€â”€â”€â”€â”€â”€â”€â”€â”€â”€â”€â”€â”€â”€â”€â”€â”€â”€â”€â”€â”€â”€â”€â”€â”€â”€â”€â”€â”€â”€â”€â”€â”€â”€â”€
]]>
</failure>
<system-out>
<![CDATA[âœ… ëª¨ë“  í™˜ê²½ ë³€ìˆ˜ê°€ ì˜¬ë°”ë¥´ê²Œ ì„¤ì •ë˜ì—ˆìŠµë‹ˆë‹¤.
âœ… ë””ë°”ì´ìŠ¤ ì¸ì¦ í‚¤ê°€ ì„±ê³µì ìœ¼ë¡œ ì„¤ì •ë˜ì—ˆìŠµë‹ˆë‹¤.

[[ATTACHMENT|study-navigation-RTSM-ìŠ¤í„°ë””-ë„¤ë¹„ê²Œì´ì…˜-í…ŒìŠ¤íŠ¸-ìŠ¤í„°ë””-ë©”ë‰´-ë„¤ë¹„ê²Œì´ì…˜-í…ŒìŠ¤íŠ¸-chromium\test-failed-1.png]]
]]>
</system-out>
<system-err>
<![CDATA[ìŠ¤í„°ë”” ë©”ë‰´ ë„¤ë¹„ê²Œì´ì…˜ í…ŒìŠ¤íŠ¸ ì‹¤íŒ¨: page.waitForSelector: Timeout 30000ms exceeded.
Call log:
[2m  - waiting for locator('input[name="email"], input[type="email"], #email') to be visible[22m

    at performLogin [90m(C:\Users\jkan\e2e_auto\[39mtests\helpers\test-helpers.ts:165:14[90m)[39m
    at [90mC:\Users\jkan\e2e_auto\[39mtests\study\navigation.test.ts:139:25 {
  name: [32m'TimeoutError'[39m,
  [[32mSymbol(step)[39m]: {
    location: {
      file: [32m'C:\\Users\\jkan\\e2e_auto\\tests\\helpers\\test-helpers.ts'[39m,
      line: [33m165[39m,
      column: [33m14[39m,
      function: [32m'performLogin'[39m
    },
    category: [32m'pw:api'[39m,
    title: [32m`Wait for selector locator('input[name="email"], input[type="email"], #email')`[39m,
    apiName: [32m'page.waitForSelector'[39m,
    params: {
      selector: [32m'input[name="email"], input[type="email"], #email'[39m,
      timeout: [33m30000[39m
    },
    group: [90mundefined[39m,
    stepId: [32m'pw:api@80'[39m,
    boxedStack: [90mundefined[39m,
    steps: [],
    attachmentIndices: [],
    info: TestStepInfoImpl {
      annotations: [],
      _testInfo: [36m[TestInfoImpl][39m,
      _stepId: [32m'pw:api@80'[39m,
      _title: [32m`Wait for selector locator('input[name="email"], input[type="email"], #email')`[39m,
      _parentStep: [90mundefined[39m,
      skip: [36m[Function (anonymous)][39m
    },
    recoverFromStepError: [36m[AsyncFunction: recoverFromStepError][39m,
    complete: [36m[Function: complete][39m,
    endWallTime: [33m1758764722255[39m,
    error: {
      message: [32m'TimeoutError: page.waitForSelector: Timeout 30000ms exceeded.\n'[39m +
        [32m'Call log:\n'[39m +
        [32m`\x1B[2m  - waiting for locator('input[name="email"], input[type="email"], #email') to be visible\x1B[22m\n`[39m,
      stack: [32m'TimeoutError: page.waitForSelector: Timeout 30000ms exceeded.\n'[39m +
        [32m'Call log:\n'[39m +
        [32m`\x1B[2m  - waiting for locator('input[name="email"], input[type="email"], #email') to be visible\x1B[22m\n`[39m +
        [32m'\n'[39m +
        [32m'    at performLogin (C:\\Users\\jkan\\e2e_auto\\tests\\helpers\\test-helpers.ts:165:14)\n'[39m +
        [32m'    at C:\\Users\\jkan\\e2e_auto\\tests\\study\\navigation.test.ts:139:25'[39m,
      cause: [90mundefined[39m
    }
  }
}
]]>
</system-err>
</testcase>
</testsuite>
</testsuites>