<testsuites id="" name="" tests="22" failures="0" skipped="0" errors="0" time="299.27561599999854">
<testsuite name="cdms\JP-MVN2025-ALL\addSubject.test.ts" timestamp="2026-05-04T09:35:08.335Z" hostname="cdms" tests="2" failures="0" skipped="0" time="3.7" errors="0">
<testcase name="Subject 추가 테스트 › 1. Subject가 성공적으로 추가되면 성공 토스트가 보인다" classname="cdms\JP-MVN2025-ALL\addSubject.test.ts" time="3.698">
<system-out>
<![CDATA[
[[ATTACHMENT|cdms-JP-MVN2025-ALL-addSub-d21fe-ect가-성공적으로-추가되면-성공-토스트가-보인다-cdms\trace.zip]]
]]>
</system-out>
</testcase>
<testcase name="Subject 추가 테스트 › 2. Subject가 성공적으로 추가되면 해당 Subject의 Schedule 화면으로 이동한다" classname="cdms\JP-MVN2025-ALL\addSubject.test.ts" time="0.002">
<system-out>
<![CDATA[생성된 Subject ID: 6778873225439731781

[[ATTACHMENT|cdms-JP-MVN2025-ALL-addSub-4adc4-Subject의-Schedule-화면으로-이동한다-cdms\trace.zip]]
]]>
</system-out>
</testcase>
</testsuite>
<testsuite name="cdms\JP-MVN2025-ALL\date.test.ts" timestamp="2026-05-04T09:35:08.335Z" hostname="cdms" tests="8" failures="0" skipped="0" time="59.432" errors="0">
<testcase name="[EDC] Date Item UK 날짜 입력 테스트 › [EDC] IE Data Capture Test › 사용자가 SV 페이지를 저장하면 IE 페이지가 활성화된다" classname="cdms\JP-MVN2025-ALL\date.test.ts" time="4.9">
<system-out>
<![CDATA[팝업 1개 처리 완료

[[ATTACHMENT|cdms-JP-MVN2025-ALL-date---59663--SV-페이지를-저장하면-IE-페이지가-활성화된다-cdms\trace.zip]]
]]>
</system-out>
</testcase>
<testcase name="[EDC] Date Item UK 날짜 입력 테스트 › [EDC] IE Data Capture Test › 사용자가 confirmMessage[ADD]가 설정된 아이템을 최초 저장하려고 할 때, 확인 메시지(Dialog)가 보인다" classname="cdms\JP-MVN2025-ALL\date.test.ts" time="3.878">
<system-out>
<![CDATA[
[[ATTACHMENT|cdms-JP-MVN2025-ALL-date---467a6-하려고-할-때-확인-메시지-Dialog-가-보인다-cdms\trace.zip]]
]]>
</system-out>
</testcase>
<testcase name="[EDC] Date Item UK 날짜 입력 테스트 › [EDC] IE Data Capture Test › 사용자가 confirmMessage[MODIFY]가 설정된 아이템을 수정하려고 할 때, 확인 메시지(Dialog)가 보인다" classname="cdms\JP-MVN2025-ALL\date.test.ts" time="3.503">
<system-out>
<![CDATA[
[[ATTACHMENT|cdms-JP-MVN2025-ALL-date---a1031-하려고-할-때-확인-메시지-Dialog-가-보인다-cdms\trace.zip]]
]]>
</system-out>
</testcase>
<testcase name="[EDC] Date Item UK 날짜 입력 테스트 › [EDC] IE Data Capture Test › 저장된 IE 페이지에서 미입력 Field에 Auto Query가 보인다" classname="cdms\JP-MVN2025-ALL\date.test.ts" time="1.551">
<system-out>
<![CDATA[
[[ATTACHMENT|cdms-JP-MVN2025-ALL-date---55cc1--미입력-Field에-Auto-Query가-보인다-cdms\trace.zip]]
]]>
</system-out>
</testcase>
<testcase name="[EDC] Date Item UK 날짜 입력 테스트 › [EDC] Date Item UK Format Capture Test › Day UK 입력 저장 시 Audit에서 UK-MMM-YYYY 포맷으로 기록된다" classname="cdms\JP-MVN2025-ALL\date.test.ts" time="36.587">
<system-out>
<![CDATA[팝업 1개 처리 완료

[[ATTACHMENT|cdms-JP-MVN2025-ALL-date---801b6-dit에서-UK-MMM-YYYY-포맷으로-기록된다-cdms\trace.zip]]
]]>
</system-out>
</testcase>
<testcase name="[EDC] Date Item UK 날짜 입력 테스트 › [EDC] Date Item UK Format Capture Test › Month UK 입력 저장 시 Audit에서 DD-UNK-YYYY 포맷으로 기록된다" classname="cdms\JP-MVN2025-ALL\date.test.ts" time="3.597">
<system-out>
<![CDATA[
[[ATTACHMENT|cdms-JP-MVN2025-ALL-date---9c473-dit에서-DD-UNK-YYYY-포맷으로-기록된다-cdms\trace.zip]]
]]>
</system-out>
</testcase>
<testcase name="[EDC] Date Item UK 날짜 입력 테스트 › [EDC] Date Item UK Format Capture Test › 모든 UK 입력 저장 시 Audit에서 UK-UNK-UKUK으로 기록된다" classname="cdms\JP-MVN2025-ALL\date.test.ts" time="3.579">
<system-out>
<![CDATA[
[[ATTACHMENT|cdms-JP-MVN2025-ALL-date---1cfe9--Audit에서-UK-UNK-UKUK으로-기록된다-cdms\trace.zip]]
]]>
</system-out>
</testcase>
<testcase name="[EDC] Date Item UK 날짜 입력 테스트 › [EDC] Background Color Test › 설정한 Background 색상이 표시된다" classname="cdms\JP-MVN2025-ALL\date.test.ts" time="1.837">
<system-out>
<![CDATA[팝업 1개 처리 완료

[[ATTACHMENT|cdms-JP-MVN2025-ALL-date---8121b-est-설정한-Background-색상이-표시된다-cdms\trace.zip]]
]]>
</system-out>
</testcase>
</testsuite>
<testsuite name="cdms\JP-MVN2025-ALL\eSign.test.ts" timestamp="2026-05-04T09:35:08.335Z" hostname="cdms" tests="8" failures="0" skipped="0" time="64.415" errors="0">
<testcase name="[EDC] E-sign 테스트 › [EDC] E-Sign 플로우 › 1. Profile 데이터 입력 및 E-Sign 수행" classname="cdms\JP-MVN2025-ALL\eSign.test.ts" time="21.003">
<system-out>
<![CDATA[팝업 1개 처리 완료
getByRole('presentation').locator('[data-list-index=\'0\'] [data-automation-key=\'2\']')
getByRole('presentation').locator('[data-list-index=\'0\'] [data-automation-key=\'2\']')
getByRole('presentation').locator('[data-list-index=\'0\'] [data-automation-key=\'2\']')
getByRole('presentation').locator('[data-list-index=\'0\'] [data-automation-key=\'2\']')
getByRole('presentation').locator('[data-list-index=\'0\'] [data-automation-key=\'2\']')
getByRole('presentation').locator('[data-list-index=\'0\'] [data-automation-key=\'2\']')

[[ATTACHMENT|cdms-JP-MVN2025-ALL-eSign--b1f96--Profile-데이터-입력-및-E-Sign-수행-cdms\trace.zip]]
]]>
</system-out>
</testcase>
<testcase name="[EDC] E-sign 테스트 › [EDC] E-Sign 플로우 › 2. E-Sign 상태에서 데이터를 변경 후 저장했을 때 E-Sign이 해제된다" classname="cdms\JP-MVN2025-ALL\eSign.test.ts" time="6.137">
<system-out>
<![CDATA[Name

[[ATTACHMENT|cdms-JP-MVN2025-ALL-eSign--c9516-터를-변경-후-저장했을-때-E-Sign이-해제된다-cdms\trace.zip]]
]]>
</system-out>
</testcase>
<testcase name="[EDC] E-sign 테스트 › [EDC] E-Sign 플로우 › 3. E-Sign 상태에서 Assign Trigger가 실행 될 경우 E-Sign이 해제된다" classname="cdms\JP-MVN2025-ALL\eSign.test.ts" time="12.529">
<system-out>
<![CDATA[Name

[[ATTACHMENT|cdms-JP-MVN2025-ALL-eSign--52766-igger가-실행-될-경우-E-Sign이-해제된다-cdms\trace.zip]]
]]>
</system-out>
</testcase>
<testcase name="[EDC] E-sign 테스트 › [EDC] E-Sign 플로우 › 4. E-Sign 상태에서 Refresh 실행 후 변경되는 데이터가 없다면 E-Sign이 유지된다" classname="cdms\JP-MVN2025-ALL\eSign.test.ts" time="6.64">
<system-out>
<![CDATA[
[[ATTACHMENT|cdms-JP-MVN2025-ALL-eSign--d6e3a--변경되는-데이터가-없다면-E-Sign이-유지된다-cdms\trace.zip]]
]]>
</system-out>
</testcase>
<testcase name="[EDC] E-sign 테스트 › [EDC] Second E-sign 플로우 › 1. 사용자가 Second E-Sign 버튼을 클릭하면, 전자 서명이 완료되며, 해당 페이지에 서명 날짜가 표기된다" classname="cdms\JP-MVN2025-ALL\eSign.test.ts" time="10.133">
<system-out>
<![CDATA[팝업 1개 처리 완료

[[ATTACHMENT|cdms-JP-MVN2025-ALL-eSign--db598-명이-완료되며-해당-페이지에-서명-날짜가-표기된다-cdms\trace.zip]]
]]>
</system-out>
</testcase>
<testcase name="[EDC] E-sign 테스트 › [EDC] Second E-sign 플로우 › 2. 사용자가 Second E-Sign 버튼을 클릭하여 전자 서명이 완료되면 Audit Trail에 Second E-Sign ON로 표기된다" classname="cdms\JP-MVN2025-ALL\eSign.test.ts" time="3.55">
<system-out>
<![CDATA[getByRole('presentation').locator('[data-list-index=\'0\'] [data-automation-key=\'2\']')
getByRole('presentation').locator('[data-list-index=\'0\'] [data-automation-key=\'2\']')

[[ATTACHMENT|cdms-JP-MVN2025-ALL-eSign--66f02-ail에-Second-E-Sign-ON로-표기된다-cdms\trace.zip]]
]]>
</system-out>
</testcase>
<testcase name="[EDC] E-sign 테스트 › [EDC] Second E-sign 플로우 › 3. 사용자가 Cancel Second E-Sign 버튼을 클릭하면, 전자 서명이 취소되며, 해당 페이지의 서명 날짜가 표기되지 않는다" classname="cdms\JP-MVN2025-ALL\eSign.test.ts" time="0.894">
<system-out>
<![CDATA[
[[ATTACHMENT|cdms-JP-MVN2025-ALL-eSign--b59d8-소되며-해당-페이지의-서명-날짜가-표기되지-않는다-cdms\trace.zip]]
]]>
</system-out>
</testcase>
<testcase name="[EDC] E-sign 테스트 › [EDC] Second E-sign 플로우 › 4. 사용자가 Cancel Second E-Sign 버튼을 클릭하면, 전자 서명이 취소되며, Audit Trail에 Second E-Sign OFF로 표기된다" classname="cdms\JP-MVN2025-ALL\eSign.test.ts" time="3.529">
<system-out>
<![CDATA[getByRole('presentation').locator('[data-list-index=\'0\'] [data-automation-key=\'2\']')
getByRole('presentation').locator('[data-list-index=\'0\'] [data-automation-key=\'2\']')

[[ATTACHMENT|cdms-JP-MVN2025-ALL-eSign--26b25-il에-Second-E-Sign-OFF로-표기된다-cdms\trace.zip]]
]]>
</system-out>
</testcase>
</testsuite>
<testsuite name="cdms\JP-MVN2025-ALL\notice.test.ts" timestamp="2026-05-04T09:35:08.335Z" hostname="cdms" tests="4" failures="0" skipped="0" time="12.922" errors="0">
<testcase name="Study Notice › 1. 사용자가 새 공지사항을 작성하면 Notice 목록에 반영되어야 한다" classname="cdms\JP-MVN2025-ALL\notice.test.ts" time="2.412">
<system-out>
<![CDATA[팝업 1개 처리 완료

[[ATTACHMENT|cdms-JP-MVN2025-ALL-notice-a611e-항을-작성하면-Notice-목록에-반영되어야-한다-cdms\trace.zip]]
]]>
</system-out>
</testcase>
<testcase name="Study Notice › 2. 사용자가 파일을 업로드하면 파일 이름이 화면에 표기된다" classname="cdms\JP-MVN2025-ALL\notice.test.ts" time="7.521">
<system-out>
<![CDATA[
[[ATTACHMENT|cdms-JP-MVN2025-ALL-notice-5ea46-가-파일을-업로드하면-파일-이름이-화면에-표기된다-cdms\trace.zip]]
]]>
</system-out>
</testcase>
<testcase name="Study Notice › 3. 사용자가 공지사항을 수정하면 해당 Notice Detail 페이지에 반영되어야 한다" classname="cdms\JP-MVN2025-ALL\notice.test.ts" time="2.052">
<system-out>
<![CDATA[저장 토스트 메시지 확인 후 닫음

[[ATTACHMENT|cdms-JP-MVN2025-ALL-notice-cc9b3-Notice-Detail-페이지에-반영되어야-한다-cdms\trace.zip]]
]]>
</system-out>
</testcase>
<testcase name="Study Notice › 4. 사용자가 공지사항을 삭제하면 해당 Notice는 List에서 보이지 않는다" classname="cdms\JP-MVN2025-ALL\notice.test.ts" time="0.937">
<system-out>
<![CDATA[
[[ATTACHMENT|cdms-JP-MVN2025-ALL-notice-c7f50-면-해당-Notice는-List에서-보이지-않는다-cdms\trace.zip]]
]]>
</system-out>
</testcase>
</testsuite>
</testsuites>