<testsuites id="" name="" tests="5" failures="3" skipped="0" errors="0" time="139.22856099999998">
<testsuite name="auth\login.test.ts" timestamp="2026-01-19T02:37:03.250Z" hostname="chromium" tests="3" failures="1" skipped="0" time="49.076" errors="0">
<testcase name="RTSM 인증 테스트 › 페이지 접속 테스트" classname="auth\login.test.ts" time="3.029">
</testcase>
<testcase name="RTSM 인증 테스트 › 디바이스 키 없이 로그인 테스트 (인증번호 단계 포함)" classname="auth\login.test.ts" time="7.926">
<system-out>
<![CDATA[현재 URL: https://rtsm.sso.staging.mavenclinical.com/auth/sign-in?ssogw=eyJyZWRpcmVjdCI6Imh0dHBzOi8vc3RhZ2luZy5ydHNtLm1hdmVuY2xpbmljYWwuY29tL2F1dGgiLCJ1dWlkIjoiODE0MmI5NzEtYjcwMS00NWY3LWJkOTMtMWVlMTUyNjUwZWEzIiwia2V5IjoiLS0tLS1CRUdJTiBQVUJMSUMgS0VZLS0tLS1cbk1Gd3dEUVlKS29aSWh2Y05BUUVCQlFBRFN3QXdTQUpCQU5HMW9TVE13QjVnVGFDOVBuMWFJelJ5c0d2NnFtTFVcbkw4MFdWUlp6K0xhM0pSYXpVcG5ic3BLWDF5U04wWEZPbHlpcnVKdXhvcThVVDVsRWh2M1RoK0VDQXdFQUFRPT1cbi0tLS0tRU5EIFBVQkxJQyBLRVktLS0tLSJ9
인증번호 입력이 필요한 상태입니다.
]]>
</system-out>
</testcase>
<testcase name="RTSM 인증 테스트 › 디바이스 키로 로그인 및 로그아웃 테스트 (전체 플로우)" classname="auth\login.test.ts" time="38.121">
<failure message="login.test.ts:71:7 디바이스 키로 로그인 및 로그아웃 테스트 (전체 플로우)" type="FAILURE">
<![CDATA[  [chromium] › auth\login.test.ts:71:7 › RTSM 인증 테스트 › 디바이스 키로 로그인 및 로그아웃 테스트 (전체 플로우) ─────────────

    Error: 사용자 메뉴 버튼을 찾을 수 없습니다.

       at helpers\page-helpers.ts:445

      443 |     if (!clicked) {
      444 |       // 모든 선택자 실패
    > 445 |       throw new Error('사용자 메뉴 버튼을 찾을 수 없습니다.');
          |             ^
      446 |     }
      447 |   }
      448 |
        at PageHelpers.clickUserMenu (C:\Users\jkan\e2e_auto\tests\helpers\page-helpers.ts:445:13)
        at PageHelpers.performLogout (C:\Users\jkan\e2e_auto\tests\helpers\page-helpers.ts:501:7)
        at performLogout (C:\Users\jkan\e2e_auto\tests\helpers\page-helpers.ts:716:3)
        at C:\Users\jkan\e2e_auto\tests\auth\login.test.ts:90:7

    attachment #1: screenshot (image/png) ──────────────────────────────────────────────────────────
    ..\test-results\auth-login-RTSM-인증-테스트-디바이스-키로-로그인-및-로그아웃-테스트-전체-플로우--chromium\test-failed-1.png
    ────────────────────────────────────────────────────────────────────────────────────────────────
]]>
</failure>
<system-out>
<![CDATA[현재 URL: https://staging.rtsm.mavenclinical.com/
페이지 제목: Maven RTSM
페이지 내용 미리보기: 
    English59:57Waken: Mon Jan 19 2026 11:37:21 GMT+0900 (Korean Standard Time)JK11StudyRelease NoteVersion 1.0.0.0HomeStudyStudyView and select a study from your authorized list.OngoingClosedNo.EnvStudy NameProtocol No.DB StatusStudy TitleStudy PhaseSponsorCROLast LockedLast UnlockedCreated Date2S
사용자 메뉴 클릭 시도 중...
사용자 메뉴 버튼 발견: .css-unzqs5 button.GrButton:has(.GrIcon)
버튼 텍스트: English
실패
현재 URL: https://staging.rtsm.mavenclinical.com/

[[ATTACHMENT|auth-login-RTSM-인증-테스트-디바이스-키로-로그인-및-로그아웃-테스트-전체-플로우--chromium\test-failed-1.png]]
]]>
</system-out>
</testcase>
</testsuite>
<testsuite name="study\navigation.test.ts" timestamp="2026-01-19T02:37:03.250Z" hostname="chromium" tests="2" failures="2" skipped="0" time="80.852" errors="0">
<testcase name="RTSM 스터디 네비게이션 테스트 › 스터디 선택 및 Dashboard 이동 테스트" classname="study\navigation.test.ts" time="40.369">
<failure message="navigation.test.ts:17:7 스터디 선택 및 Dashboard 이동 테스트" type="FAILURE">
<![CDATA[  [chromium] › study\navigation.test.ts:17:7 › RTSM 스터디 네비게이션 테스트 › 스터디 선택 및 Dashboard 이동 테스트 ──────

    Error: 테이블을 찾을 수 없습니다: TimeoutError: locator.waitFor: Timeout 30000ms exceeded.
    Call log:
      - waiting for locator('table') to be visible


       at helpers\page-helpers.ts:238

      236 |     } catch (error) {
      237 |       // 테이블을 전혀 찾지 못한 경우
    > 238 |       throw new Error(`테이블을 찾을 수 없습니다: ${error}`);
          |             ^
      239 |     }
      240 |   }
      241 |
        at PageHelpers.waitForTableLoading (C:\Users\jkan\e2e_auto\tests\helpers\page-helpers.ts:238:13)
        at waitForTableLoading (C:\Users\jkan\e2e_auto\tests\helpers\page-helpers.ts:708:3)
        at C:\Users\jkan\e2e_auto\tests\study\navigation.test.ts:31:7

    attachment #1: screenshot (image/png) ──────────────────────────────────────────────────────────
    ..\test-results\study-navigation-RTSM-스터디--330af-트-스터디-선택-및-Dashboard-이동-테스트-chromium\test-failed-1.png
    ────────────────────────────────────────────────────────────────────────────────────────────────
]]>
</failure>
<system-out>
<![CDATA[중복 로그인 팝업 처리 완료
현재 URL: https://staging.rtsm.mavenclinical.com/
페이지 제목: Maven RTSM
페이지 내용 미리보기: 
    English59:54Waken: Mon Jan 19 2026 11:38:08 GMT+0900 (Korean Standard Time)JK11StudyRelease NoteVersion 1.0.0.0HomeStudyStudyView and select a study from your authorized list.OngoingClosedNo.EnvStudy NameProtocol No.DB StatusStudy TitleStudy PhaseSponsorCROLast LockedLast UnlockedCreated Date2S
테이블 로딩 대기 중...

[[ATTACHMENT|study-navigation-RTSM-스터디--330af-트-스터디-선택-및-Dashboard-이동-테스트-chromium\test-failed-1.png]]
]]>
</system-out>
<system-err>
<![CDATA[스터디 Dashboard 테스트 실패: Error: 테이블을 찾을 수 없습니다: TimeoutError: locator.waitFor: Timeout 30000ms exceeded.
Call log:
[2m  - waiting for locator('table') to be visible[22m

    at PageHelpers.waitForTableLoading [90m(C:\Users\jkan\e2e_auto\[39mtests\helpers\page-helpers.ts:238:13[90m)[39m
[90m    at runNextTicks (node:internal/process/task_queues:60:5)[39m
[90m    at processImmediate (node:internal/timers:447:9)[39m
[90m    at process.callbackTrampoline (node:internal/async_hooks:128:17)[39m
    at waitForTableLoading [90m(C:\Users\jkan\e2e_auto\[39mtests\helpers\page-helpers.ts:708:3[90m)[39m
    at [90mC:\Users\jkan\e2e_auto\[39mtests\study\navigation.test.ts:31:7
    at [90mC:\Users\jkan\e2e_auto\[39mnode_modules\[4mplaywright[24m\lib\worker\workerMain.js:309:9
    at [90mC:\Users\jkan\e2e_auto\[39mnode_modules\[4mplaywright[24m\lib\worker\testInfo.js:326:11
    at TimeoutManager.withRunnable [90m(C:\Users\jkan\e2e_auto\[39mnode_modules\[4mplaywright[24m\lib\worker\timeoutManager.js:67:14[90m)[39m
    at TestInfoImpl._runWithTimeout [90m(C:\Users\jkan\e2e_auto\[39mnode_modules\[4mplaywright[24m\lib\worker\testInfo.js:324:7[90m)[39m
    at [90mC:\Users\jkan\e2e_auto\[39mnode_modules\[4mplaywright[24m\lib\worker\workerMain.js:307:7
    at WorkerMain._runTest [90m(C:\Users\jkan\e2e_auto\[39mnode_modules\[4mplaywright[24m\lib\worker\workerMain.js:282:5[90m)[39m
    at WorkerMain.runTestGroup [90m(C:\Users\jkan\e2e_auto\[39mnode_modules\[4mplaywright[24m\lib\worker\workerMain.js:194:11[90m)[39m
    at process.<anonymous> [90m(C:\Users\jkan\e2e_auto\[39mnode_modules\[4mplaywright[24m\lib\common\process.js:65:22[90m)[39m
]]>
</system-err>
</testcase>
<testcase name="RTSM 스터디 네비게이션 테스트 › 스터디 메뉴 네비게이션 테스트" classname="study\navigation.test.ts" time="40.483">
<failure message="navigation.test.ts:131:7 스터디 메뉴 네비게이션 테스트" type="FAILURE">
<![CDATA[  [chromium] › study\navigation.test.ts:131:7 › RTSM 스터디 네비게이션 테스트 › 스터디 메뉴 네비게이션 테스트 ──────────────

    Error: 테이블을 찾을 수 없습니다: TimeoutError: locator.waitFor: Timeout 30000ms exceeded.
    Call log:
      - waiting for locator('table') to be visible


       at helpers\page-helpers.ts:238

      236 |     } catch (error) {
      237 |       // 테이블을 전혀 찾지 못한 경우
    > 238 |       throw new Error(`테이블을 찾을 수 없습니다: ${error}`);
          |             ^
      239 |     }
      240 |   }
      241 |
        at PageHelpers.waitForTableLoading (C:\Users\jkan\e2e_auto\tests\helpers\page-helpers.ts:238:13)
        at waitForTableLoading (C:\Users\jkan\e2e_auto\tests\helpers\page-helpers.ts:708:3)
        at C:\Users\jkan\e2e_auto\tests\study\navigation.test.ts:141:7

    attachment #1: screenshot (image/png) ──────────────────────────────────────────────────────────
    ..\test-results\study-navigation-RTSM-스터디-네비게이션-테스트-스터디-메뉴-네비게이션-테스트-chromium\test-failed-1.png
    ────────────────────────────────────────────────────────────────────────────────────────────────
]]>
</failure>
<system-out>
<![CDATA[중복 로그인 팝업 처리 완료
현재 URL: https://staging.rtsm.mavenclinical.com/
페이지 제목: Maven RTSM
페이지 내용 미리보기: 
    English59:54Waken: Mon Jan 19 2026 11:38:51 GMT+0900 (Korean Standard Time)JK11StudyRelease NoteVersion 1.0.0.0HomeStudyStudyView and select a study from your authorized list.OngoingClosedNo.EnvStudy NameProtocol No.DB StatusStudy TitleStudy PhaseSponsorCROLast LockedLast UnlockedCreated Date2S
테이블 로딩 대기 중...

[[ATTACHMENT|study-navigation-RTSM-스터디-네비게이션-테스트-스터디-메뉴-네비게이션-테스트-chromium\test-failed-1.png]]
]]>
</system-out>
<system-err>
<![CDATA[스터디 메뉴 네비게이션 테스트 실패: Error: 테이블을 찾을 수 없습니다: TimeoutError: locator.waitFor: Timeout 30000ms exceeded.
Call log:
[2m  - waiting for locator('table') to be visible[22m

    at PageHelpers.waitForTableLoading [90m(C:\Users\jkan\e2e_auto\[39mtests\helpers\page-helpers.ts:238:13[90m)[39m
[90m    at runNextTicks (node:internal/process/task_queues:60:5)[39m
[90m    at processImmediate (node:internal/timers:447:9)[39m
[90m    at process.callbackTrampoline (node:internal/async_hooks:128:17)[39m
    at waitForTableLoading [90m(C:\Users\jkan\e2e_auto\[39mtests\helpers\page-helpers.ts:708:3[90m)[39m
    at [90mC:\Users\jkan\e2e_auto\[39mtests\study\navigation.test.ts:141:7
    at [90mC:\Users\jkan\e2e_auto\[39mnode_modules\[4mplaywright[24m\lib\worker\workerMain.js:309:9
    at [90mC:\Users\jkan\e2e_auto\[39mnode_modules\[4mplaywright[24m\lib\worker\testInfo.js:326:11
    at TimeoutManager.withRunnable [90m(C:\Users\jkan\e2e_auto\[39mnode_modules\[4mplaywright[24m\lib\worker\timeoutManager.js:67:14[90m)[39m
    at TestInfoImpl._runWithTimeout [90m(C:\Users\jkan\e2e_auto\[39mnode_modules\[4mplaywright[24m\lib\worker\testInfo.js:324:7[90m)[39m
    at [90mC:\Users\jkan\e2e_auto\[39mnode_modules\[4mplaywright[24m\lib\worker\workerMain.js:307:7
    at WorkerMain._runTest [90m(C:\Users\jkan\e2e_auto\[39mnode_modules\[4mplaywright[24m\lib\worker\workerMain.js:282:5[90m)[39m
    at WorkerMain.runTestGroup [90m(C:\Users\jkan\e2e_auto\[39mnode_modules\[4mplaywright[24m\lib\worker\workerMain.js:194:11[90m)[39m
    at process.<anonymous> [90m(C:\Users\jkan\e2e_auto\[39mnode_modules\[4mplaywright[24m\lib\common\process.js:65:22[90m)[39m
]]>
</system-err>
</testcase>
</testsuite>
</testsuites>