<testsuites id="" name="" tests="14" failures="0" skipped="0" errors="0" time="122.88168999999999">
<testsuite name="cdms\JP-MVN2025-ALL\addSubject.test.ts" timestamp="2026-04-16T05:26:34.104Z" hostname="cdms" tests="2" failures="0" skipped="0" time="5.177" errors="0">
<testcase name="Subject 추가 테스트 › 1. Subject가 성공적으로 추가되면 성공 토스트가 보인다" classname="cdms\JP-MVN2025-ALL\addSubject.test.ts" time="5.171">
<system-out>
<![CDATA[팝업 1개 처리 완료
]]>
</system-out>
</testcase>
<testcase name="Subject 추가 테스트 › 2. Subject가 성공적으로 추가되면 해당 Subject의 Schedule 화면으로 이동한다" classname="cdms\JP-MVN2025-ALL\addSubject.test.ts" time="0.006">
<system-out>
<![CDATA[생성된 Subject ID: 6763172094308905454
]]>
</system-out>
</testcase>
</testsuite>
<testsuite name="cdms\JP-MVN2025-ALL\date.test.ts" timestamp="2026-04-16T05:26:34.104Z" hostname="cdms" tests="8" failures="0" skipped="0" time="32.338" errors="0">
<testcase name="[EDC]  › [EDC] IE Data Capture Test › 사용자가 SV 페이지를 저장하면 IE 페이지가 활성화된다" classname="cdms\JP-MVN2025-ALL\date.test.ts" time="6.253">
<system-out>
<![CDATA[팝업 1개 처리 완료
]]>
</system-out>
</testcase>
<testcase name="[EDC]  › [EDC] IE Data Capture Test › 사용자가 confirmMessage[ADD]가 설정된 아이템을 최초 저장하려고 할 때, 확인 메시지(Dialog)가 보인다" classname="cdms\JP-MVN2025-ALL\date.test.ts" time="4.101">
</testcase>
<testcase name="[EDC]  › [EDC] IE Data Capture Test › 사용자가 confirmMessage[MODIFY]가 설정된 아이템을 수정하려고 할 때, 확인 메시지(Dialog)가 보인다" classname="cdms\JP-MVN2025-ALL\date.test.ts" time="5.208">
</testcase>
<testcase name="[EDC]  › [EDC] IE Data Capture Test › 저장된 IE 페이지에서 미입력 Field에 Auto Query가 보인다" classname="cdms\JP-MVN2025-ALL\date.test.ts" time="0.006">
</testcase>
<testcase name="[EDC]  › [EDC] Date Item UK Format Capture Test › Day UK 입력 저장 시 Audit에서 UK-MMM-YYYY 포맷으로 기록된다" classname="cdms\JP-MVN2025-ALL\date.test.ts" time="6.755">
<system-out>
<![CDATA[팝업 1개 처리 완료
]]>
</system-out>
</testcase>
<testcase name="[EDC]  › [EDC] Date Item UK Format Capture Test › Month UK 입력 저장 시 Audit에서 DD-UNK-YYYY 포맷으로 기록된다" classname="cdms\JP-MVN2025-ALL\date.test.ts" time="3.734">
</testcase>
<testcase name="[EDC]  › [EDC] Date Item UK Format Capture Test › 모든 UK 입력 저장 시 Audit에서 UK-UNK-UKUK으로 기록된다" classname="cdms\JP-MVN2025-ALL\date.test.ts" time="3.415">
</testcase>
<testcase name="[EDC]  › [EDC] Background Color Test › 설정한 Background 색상이 표시된다" classname="cdms\JP-MVN2025-ALL\date.test.ts" time="2.866">
<system-out>
<![CDATA[팝업 1개 처리 완료
]]>
</system-out>
</testcase>
</testsuite>
<testsuite name="cdms\JP-MVN2025-ALL\notice.test.ts" timestamp="2026-04-16T05:26:34.104Z" hostname="cdms" tests="4" failures="0" skipped="0" time="12.667" errors="0">
<testcase name="Study Notice › 1. 사용자가 새 공지사항을 작성하면 Notice 목록에 반영되어야 한다" classname="cdms\JP-MVN2025-ALL\notice.test.ts" time="3.339">
<system-out>
<![CDATA[팝업 1개 처리 완료
]]>
</system-out>
</testcase>
<testcase name="Study Notice › 2. 사용자가 파일을 업로드하면 파일 이름이 화면에 표기된다" classname="cdms\JP-MVN2025-ALL\notice.test.ts" time="5.727">
</testcase>
<testcase name="Study Notice › 3. 사용자가 공지사항을 수정하면 해당 Notice Detail 페이지에 반영되어야 한다" classname="cdms\JP-MVN2025-ALL\notice.test.ts" time="2.399">
<system-out>
<![CDATA[저장 토스트 메시지 확인 후 닫음
]]>
</system-out>
</testcase>
<testcase name="Study Notice › 4. 사용자가 공지사항을 삭제하면 해당 Notice는 List에서 보이지 않는다" classname="cdms\JP-MVN2025-ALL\notice.test.ts" time="1.202">
</testcase>
</testsuite>
</testsuites>