<testsuites id="" name="" tests="38" failures="1" skipped="6" errors="0" time="127.54644600000046">
<testsuite name="cdms\ML42494\createReport.test.ts" timestamp="2026-06-10T06:43:38.440Z" hostname="cdms" tests="38" failures="1" skipped="6" time="75.643" errors="0">
<testcase name="ML42494 Report 생성 테스트 › Subject 생성 › Subject를 생성하면 Schedule 페이지로 이동된다" classname="cdms\ML42494\createReport.test.ts" time="3.724">
<system-out>
<![CDATA[팝업 1개 처리 완료

[[ATTACHMENT|cdms-ML42494-createReport--30728-ct를-생성하면-Schedule-페이지로-이동된다-cdms\trace.zip]]
]]>
</system-out>
</testcase>
<testcase name="ML42494 Report 생성 테스트 › AE 데이터 입력 및 Report 테스트 › 1. Subject의 AE 페이지로 이동한다" classname="cdms\ML42494\createReport.test.ts" time="0.137">
<system-out>
<![CDATA[
[[ATTACHMENT|cdms-ML42494-createReport--269da-테스트-1-Subject의-AE-페이지로-이동한다-cdms\trace.zip]]
]]>
</system-out>
</testcase>
<testcase name="ML42494 Report 생성 테스트 › AE 데이터 입력 및 Report 테스트 › 2. SAE 이상사례를 입력한다" classname="cdms\ML42494\createReport.test.ts" time="3.716">
<system-out>
<![CDATA[
[[ATTACHMENT|cdms-ML42494-createReport--1d00d-Report-테스트-2-SAE-이상사례를-입력한다-cdms\trace.zip]]
]]>
</system-out>
</testcase>
<testcase name="ML42494 Report 생성 테스트 › AE 데이터 입력 및 Report 테스트 › 3. Non-Seriousness 이상사례를 입력한다" classname="cdms\ML42494\createReport.test.ts" time="3.107">
<system-out>
<![CDATA[
[[ATTACHMENT|cdms-ML42494-createReport--c9077--Non-Seriousness-이상사례를-입력한다-cdms\trace.zip]]
]]>
</system-out>
</testcase>
<testcase name="ML42494 Report 생성 테스트 › AE 데이터 입력 및 Report 테스트 › SAE Report 테스트 › SAE Report가 생성된다" classname="cdms\ML42494\createReport.test.ts" time="4.592">
<system-out>
<![CDATA[
[[ATTACHMENT|cdms-ML42494-createReport--0d4e0-Report-테스트-SAE-Report가-생성된다-cdms\trace.zip]]
]]>
</system-out>
</testcase>
<testcase name="ML42494 Report 생성 테스트 › AE 데이터 입력 및 Report 테스트 › SAE Report 테스트 › 필수 값이 입력되지 않으면 SAE Report가 저장되지 않는다" classname="cdms\ML42494\createReport.test.ts" time="0.538">
<system-out>
<![CDATA[
[[ATTACHMENT|cdms-ML42494-createReport--7e8d3-되지-않으면-SAE-Report가-저장되지-않는다-cdms\trace.zip]]
]]>
</system-out>
</testcase>
<testcase name="ML42494 Report 생성 테스트 › AE 데이터 입력 및 Report 테스트 › SAE Report 테스트 › 필수 값이 입력되면 SAE Report가 저장된다" classname="cdms\ML42494\createReport.test.ts" time="2.274">
<system-out>
<![CDATA[
[[ATTACHMENT|cdms-ML42494-createReport--4e785-필수-값이-입력되면-SAE-Report가-저장된다-cdms\trace.zip]]
]]>
</system-out>
</testcase>
<testcase name="ML42494 Report 생성 테스트 › AE 데이터 입력 및 Report 테스트 › SAE Report 테스트 › 필수 값이 입력되지 않으면 SAE Report가 제출되지 않는다" classname="cdms\ML42494\createReport.test.ts" time="0.283">
<system-out>
<![CDATA[
[[ATTACHMENT|cdms-ML42494-createReport--817d9-되지-않으면-SAE-Report가-제출되지-않는다-cdms\trace.zip]]
]]>
</system-out>
</testcase>
<testcase name="ML42494 Report 생성 테스트 › AE 데이터 입력 및 Report 테스트 › SAE Report 테스트 › 필수 값이 입력되면 SAE Report가 제출된다" classname="cdms\ML42494\createReport.test.ts" time="4.7">
<system-out>
<![CDATA[
[[ATTACHMENT|cdms-ML42494-createReport--c8180-필수-값이-입력되면-SAE-Report가-제출된다-cdms\trace.zip]]
]]>
</system-out>
</testcase>
<testcase name="ML42494 Report 생성 테스트 › AE 데이터 입력 및 Report 테스트 › SAE Report 테스트 › 제출된 SAE Report에서 F/U Report가 생성된다" classname="cdms\ML42494\createReport.test.ts" time="2.483">
<system-out>
<![CDATA[
[[ATTACHMENT|cdms-ML42494-createReport--78213-E-Report에서-F-U-Report가-생성된다-cdms\trace.zip]]
]]>
</system-out>
</testcase>
<testcase name="ML42494 Report 생성 테스트 › AE 데이터 입력 및 Report 테스트 › SAE Report 테스트 › 생성 직후의 SAE Report에서 Sync 가능 항목은 없다" classname="cdms\ML42494\createReport.test.ts" time="0.252">
<system-out>
<![CDATA[
[[ATTACHMENT|cdms-ML42494-createReport--adbe7-SAE-Report에서-Sync-가능-항목은-없다-cdms\trace.zip]]
]]>
</system-out>
</testcase>
<testcase name="ML42494 Report 생성 테스트 › AE 데이터 입력 및 Report 테스트 › AESI Report 테스트 › AESI Report가 생성된다" classname="cdms\ML42494\createReport.test.ts" time="6.138">
<system-out>
<![CDATA[
[[ATTACHMENT|cdms-ML42494-createReport--24f8e-eport-테스트-AESI-Report가-생성된다-cdms\trace.zip]]
]]>
</system-out>
</testcase>
<testcase name="ML42494 Report 생성 테스트 › AE 데이터 입력 및 Report 테스트 › AESI Report 테스트 › 필수 값이 입력되지 않으면 AESI Report가 저장되지 않는다" classname="cdms\ML42494\createReport.test.ts" time="0.497">
<system-out>
<![CDATA[
[[ATTACHMENT|cdms-ML42494-createReport--e8aaf-지-않으면-AESI-Report가-저장되지-않는다-cdms\trace.zip]]
]]>
</system-out>
</testcase>
<testcase name="ML42494 Report 생성 테스트 › AE 데이터 입력 및 Report 테스트 › AESI Report 테스트 › 필수 값이 입력되면 AESI Report가 저장된다" classname="cdms\ML42494\createReport.test.ts" time="2.382">
<system-out>
<![CDATA[
[[ATTACHMENT|cdms-ML42494-createReport--0d2ca-수-값이-입력되면-AESI-Report가-저장된다-cdms\trace.zip]]
]]>
</system-out>
</testcase>
<testcase name="ML42494 Report 생성 테스트 › AE 데이터 입력 및 Report 테스트 › AESI Report 테스트 › 필수 값이 입력되지 않으면 AESI Report가 제출되지 않는다" classname="cdms\ML42494\createReport.test.ts" time="0.287">
<system-out>
<![CDATA[
[[ATTACHMENT|cdms-ML42494-createReport--26bcf-지-않으면-AESI-Report가-제출되지-않는다-cdms\trace.zip]]
]]>
</system-out>
</testcase>
<testcase name="ML42494 Report 생성 테스트 › AE 데이터 입력 및 Report 테스트 › AESI Report 테스트 › 필수 값이 입력되면 AESI Report가 제출된다" classname="cdms\ML42494\createReport.test.ts" time="4.65">
<system-out>
<![CDATA[
[[ATTACHMENT|cdms-ML42494-createReport--b948d-수-값이-입력되면-AESI-Report가-제출된다-cdms\trace.zip]]
]]>
</system-out>
</testcase>
<testcase name="ML42494 Report 생성 테스트 › AE 데이터 입력 및 Report 테스트 › AESI Report 테스트 › 제출된 AESI Report에서 F/U Report가 생성된다" classname="cdms\ML42494\createReport.test.ts" time="3.085">
<system-out>
<![CDATA[
[[ATTACHMENT|cdms-ML42494-createReport--86a74-I-Report에서-F-U-Report가-생성된다-cdms\trace.zip]]
]]>
</system-out>
</testcase>
<testcase name="ML42494 Report 생성 테스트 › AE 데이터 입력 및 Report 테스트 › AESI Report 테스트 › 생성 직후의 AESI Report에서 Sync 가능 항목은 없다" classname="cdms\ML42494\createReport.test.ts" time="0.247">
<system-out>
<![CDATA[
[[ATTACHMENT|cdms-ML42494-createReport--abec8-ESI-Report에서-Sync-가능-항목은-없다-cdms\trace.zip]]
]]>
</system-out>
</testcase>
<testcase name="ML42494 Report 생성 테스트 › Report Merge Table 테스트 › 1. DM 페이지로 이동한다" classname="cdms\ML42494\createReport.test.ts" time="3.971">
<system-out>
<![CDATA[
[[ATTACHMENT|cdms-ML42494-createReport--36e09-ge-Table-테스트-1-DM-페이지로-이동한다-cdms\trace.zip]]
]]>
</system-out>
</testcase>
<testcase name="ML42494 Report 생성 테스트 › Report Merge Table 테스트 › 2. DM 페이지에 데이터를 입력하고 저장한다" classname="cdms\ML42494\createReport.test.ts" time="4.313">
<system-out>
<![CDATA[
[[ATTACHMENT|cdms-ML42494-createReport--2c051-스트-2-DM-페이지에-데이터를-입력하고-저장한다-cdms\trace.zip]]
]]>
</system-out>
</testcase>
<testcase name="ML42494 Report 생성 테스트 › Report Merge Table 테스트 › 3. DM 페이지에서 입력한 데이터가 Report Sync 가능 항목에 표시된다" classname="cdms\ML42494\createReport.test.ts" time="2.88">
<system-out>
<![CDATA[
[[ATTACHMENT|cdms-ML42494-createReport--3dc63-이터가-Report-Sync-가능-항목에-표시된다-cdms\trace.zip]]
]]>
</system-out>
</testcase>
<testcase name="ML42494 Report 생성 테스트 › Report Merge Table 테스트 › 4. Sync 가능 항목들을 Sync 수행한다" classname="cdms\ML42494\createReport.test.ts" time="1.403">
<system-out>
<![CDATA[
[[ATTACHMENT|cdms-ML42494-createReport--9105f-스트-4-Sync-가능-항목들을-Sync-수행한다-cdms\trace.zip]]
]]>
</system-out>
</testcase>
<testcase name="ML42494 Report 생성 테스트 › Report Merge Table 테스트 › 5. Sync 수행한 데이터가 Report 페이지에 반영된다" classname="cdms\ML42494\createReport.test.ts" time="1.376">
<system-out>
<![CDATA[
[[ATTACHMENT|cdms-ML42494-createReport--9e97b-c-수행한-데이터가-Report-페이지에-반영된다-cdms\trace.zip]]
]]>
</system-out>
</testcase>
<testcase name="ML42494 Report 생성 테스트 › Report Merge Table 테스트 › 6. Sync 가능 항목들이 존재하지 않는다" classname="cdms\ML42494\createReport.test.ts" time="0.489">
<system-out>
<![CDATA[
[[ATTACHMENT|cdms-ML42494-createReport--0038a-테스트-6-Sync-가능-항목들이-존재하지-않는다-cdms\trace.zip]]
]]>
</system-out>
</testcase>
<testcase name="ML42494 Report 생성 테스트 › Report Merge Table 테스트 › 7. DM 페이지 Initialize를 수행한다" classname="cdms\ML42494\createReport.test.ts" time="5.097">
<system-out>
<![CDATA[
[[ATTACHMENT|cdms-ML42494-createReport--07661-트-7-DM-페이지-Initialize를-수행한다-cdms\trace.zip]]
]]>
</system-out>
</testcase>
<testcase name="ML42494 Report 생성 테스트 › Report Merge Table 테스트 › 8. DM 페이지에서 초기화한 데이터가 Report Sync 가능 항목에 표시된다" classname="cdms\ML42494\createReport.test.ts" time="3.666">
<system-out>
<![CDATA[
[[ATTACHMENT|cdms-ML42494-createReport--f3135-이터가-Report-Sync-가능-항목에-표시된다-cdms\trace.zip]]
]]>
</system-out>
</testcase>
<testcase name="ML42494 Report 생성 테스트 › Report Merge Table 테스트 › 9. Sync 가능 항목들을 Sync 수행한다" classname="cdms\ML42494\createReport.test.ts" time="1.517">
<system-out>
<![CDATA[
[[ATTACHMENT|cdms-ML42494-createReport--386b7-스트-9-Sync-가능-항목들을-Sync-수행한다-cdms\trace.zip]]
]]>
</system-out>
</testcase>
<testcase name="ML42494 Report 생성 테스트 › Report Merge Table 테스트 › 10. Sync 수행한 데이터가 Report 페이지에 반영된다" classname="cdms\ML42494\createReport.test.ts" time="1.643">
<system-out>
<![CDATA[
[[ATTACHMENT|cdms-ML42494-createReport--ccd99-c-수행한-데이터가-Report-페이지에-반영된다-cdms\trace.zip]]
]]>
</system-out>
</testcase>
<testcase name="ML42494 Report 생성 테스트 › Report Merge Table 테스트 › 11. Sync 가능 항목들이 존재하지 않는다" classname="cdms\ML42494\createReport.test.ts" time="0.947">
<system-out>
<![CDATA[
[[ATTACHMENT|cdms-ML42494-createReport--60cdf-스트-11-Sync-가능-항목들이-존재하지-않는다-cdms\trace.zip]]
]]>
</system-out>
</testcase>
<testcase name="ML42494 Report 생성 테스트 › Report 삭제 테스트 › 1. SAE Report 페이지로 이동한다" classname="cdms\ML42494\createReport.test.ts" time="1.203">
<system-out>
<![CDATA[
[[ATTACHMENT|cdms-ML42494-createReport--3d1a0--테스트-1-SAE-Report-페이지로-이동한다-cdms\trace.zip]]
]]>
</system-out>
</testcase>
<testcase name="ML42494 Report 생성 테스트 › Report 삭제 테스트 › 2. Report 페이지에서 CRF 페이지로 이동된다" classname="cdms\ML42494\createReport.test.ts" time="3.176">
<system-out>
<![CDATA[
[[ATTACHMENT|cdms-ML42494-createReport--c4842--Report-페이지에서-CRF-페이지로-이동된다-cdms\trace.zip]]
]]>
</system-out>
</testcase>
<testcase name="ML42494 Report 생성 테스트 › Report 삭제 테스트 › 3. Report를 생성시킨 이상사례의 행을 삭제한다" classname="cdms\ML42494\createReport.test.ts" time="0.87">
<failure message="createReport.test.ts:327:9 3. Report를 생성시킨 이상사례의 행을 삭제한다" type="FAILURE">
<![CDATA[  [cdms] › cdms\ML42494\createReport.test.ts:327:9 › ML42494 Report 생성 테스트 › Report 삭제 테스트 › 3. Report를 생성시킨 이상사례의 행을 삭제한다 › 저장 후 --strike 반영 확인 

    Error: expect(received).toBe(expected) // Object.is equality

    Expected: true
    Received: false

       at ..\pages\cdms\ML42494\AEPage.ts:132

      130 |       .nth(targetAeSeq)
      131 |       .getAttribute('class');
    > 132 |     expect(rowClass?.includes('--strike')).toBe(hasStrike);
          |                                            ^
      133 |   }
      134 |
      135 |   // 특정 인덱스의 AE 행에서 복원 아이콘 클릭 (Delete 아이콘과 동일 위치)
        at AEPage.verifyAERowStrikeStatus (C:\Users\jkan\e2e_auto\pages\cdms\ML42494\AEPage.ts:132:44)
        at C:\Users\jkan\e2e_auto\tests\cdms\ML42494\createReport.test.ts:334:9
        at C:\Users\jkan\e2e_auto\tests\cdms\ML42494\createReport.test.ts:332:7

    attachment #1: screenshot (image/png) ──────────────────────────────────────────────────────────
    ..\test-results\cdms-ML42494-createReport--415c8--Report를-생성시킨-이상사례의-행을-삭제한다-cdms\test-failed-1.png
    ────────────────────────────────────────────────────────────────────────────────────────────────

    Error Context: ..\test-results\cdms-ML42494-createReport--415c8--Report를-생성시킨-이상사례의-행을-삭제한다-cdms\error-context.md

    attachment #3: trace (application/zip) ─────────────────────────────────────────────────────────
    ..\test-results\cdms-ML42494-createReport--415c8--Report를-생성시킨-이상사례의-행을-삭제한다-cdms\trace.zip
    Usage:

        npx playwright show-trace ..\test-results\cdms-ML42494-createReport--415c8--Report를-생성시킨-이상사례의-행을-삭제한다-cdms\trace.zip

    ────────────────────────────────────────────────────────────────────────────────────────────────
]]>
</failure>
<system-out>
<![CDATA[
[[ATTACHMENT|cdms-ML42494-createReport--415c8--Report를-생성시킨-이상사례의-행을-삭제한다-cdms\test-failed-1.png]]

[[ATTACHMENT|cdms-ML42494-createReport--415c8--Report를-생성시킨-이상사례의-행을-삭제한다-cdms\error-context.md]]

[[ATTACHMENT|cdms-ML42494-createReport--415c8--Report를-생성시킨-이상사례의-행을-삭제한다-cdms\trace.zip]]
]]>
</system-out>
<system-err>
<![CDATA[   실패한 테스트: 3. Report를 생성시킨 이상사례의 행을 삭제한다
   실패 원인: Error: [2mexpect([22m[31mreceived[39m[2m).[22mtoBe[2m([22m[32mexpected[39m[2m) // Object.is equality[22m

Expected: [32mtrue[39m
Received: [31mfalse[39m
   스크린샷: test-results/screenshots/3. Report를 생성시킨 이상사례의 행을 삭제한다.png
]]>
</system-err>
</testcase>
<testcase name="ML42494 Report 생성 테스트 › Report 삭제 테스트 › 4. 삭제한 이상사례의 Report가 취소된다" classname="cdms\ML42494\createReport.test.ts" time="0">
<skipped>
</skipped>
</testcase>
<testcase name="ML42494 Report 생성 테스트 › Report 복원 테스트 › 1. 취소된 Report 페이지로 이동한다" classname="cdms\ML42494\createReport.test.ts" time="0">
<skipped>
</skipped>
</testcase>
<testcase name="ML42494 Report 생성 테스트 › Report 복원 테스트 › 2. 취소된 Report 페이지에서 CRF 페이지로 이동된다" classname="cdms\ML42494\createReport.test.ts" time="0">
<skipped>
</skipped>
</testcase>
<testcase name="ML42494 Report 생성 테스트 › Report 복원 테스트 › 3. 삭제했던 이상사례의 행을 복원한다" classname="cdms\ML42494\createReport.test.ts" time="0">
<skipped>
</skipped>
</testcase>
<testcase name="ML42494 Report 생성 테스트 › Report 복원 테스트 › 4. Report 아이콘으로 복원된 Report 페이지로 이동한다" classname="cdms\ML42494\createReport.test.ts" time="0">
<skipped>
</skipped>
</testcase>
<testcase name="ML42494 Report 생성 테스트 › Report 복원 테스트 › 5. Report List에서 복원 여부를 확인한다" classname="cdms\ML42494\createReport.test.ts" time="0">
<skipped>
</skipped>
</testcase>
</testsuite>
</testsuites>