<testsuites id="" name="" tests="23" failures="1" skipped="3" errors="0" time="299.656064">
<testsuite name="cdms\JP-MVN2025-ALL\addSubject.test.ts" timestamp="2026-06-01T06:36:47.394Z" hostname="cdms" tests="2" failures="0" skipped="0" time="4.644" errors="0">
<testcase name="Subject 추가 테스트 › 1. Subject가 성공적으로 추가되면 성공 토스트가 보인다" classname="cdms\JP-MVN2025-ALL\addSubject.test.ts" time="4.64">
<system-out>
<![CDATA[팝업 1개 처리 완료

[[ATTACHMENT|cdms-JP-MVN2025-ALL-addSub-d21fe-ect가-성공적으로-추가되면-성공-토스트가-보인다-cdms\trace.zip]]
]]>
</system-out>
</testcase>
<testcase name="Subject 추가 테스트 › 2. Subject가 성공적으로 추가되면 해당 Subject의 Schedule 화면으로 이동한다" classname="cdms\JP-MVN2025-ALL\addSubject.test.ts" time="0.004">
<system-out>
<![CDATA[생성된 Subject ID: 6802958328472455696

[[ATTACHMENT|cdms-JP-MVN2025-ALL-addSub-4adc4-Subject의-Schedule-화면으로-이동한다-cdms\trace.zip]]
]]>
</system-out>
</testcase>
</testsuite>
<testsuite name="cdms\JP-MVN2025-ALL\date.test.ts" timestamp="2026-06-01T06:36:47.394Z" hostname="cdms" tests="9" failures="0" skipped="0" time="38.536" errors="0">
<testcase name="[EDC] Data Capture 테스트 › [EDC] IE Data Capture Test › 사용자가 SV 페이지를 저장하면 IE 페이지가 활성화된다" classname="cdms\JP-MVN2025-ALL\date.test.ts" time="5.24">
<system-out>
<![CDATA[팝업 1개 처리 완료

[[ATTACHMENT|cdms-JP-MVN2025-ALL-date---79025--SV-페이지를-저장하면-IE-페이지가-활성화된다-cdms\trace.zip]]
]]>
</system-out>
</testcase>
<testcase name="[EDC] Data Capture 테스트 › [EDC] IE Data Capture Test › 사용자가 confirmMessage[ADD]가 설정된 아이템을 최초 저장하려고 할 때, 확인 메시지(Dialog)가 보인다" classname="cdms\JP-MVN2025-ALL\date.test.ts" time="3.635">
<system-out>
<![CDATA[
[[ATTACHMENT|cdms-JP-MVN2025-ALL-date---2c5f5-하려고-할-때-확인-메시지-Dialog-가-보인다-cdms\trace.zip]]
]]>
</system-out>
</testcase>
<testcase name="[EDC] Data Capture 테스트 › [EDC] IE Data Capture Test › 사용자가 confirmMessage[MODIFY]가 설정된 아이템을 수정하려고 할 때, 확인 메시지(Dialog)가 보인다" classname="cdms\JP-MVN2025-ALL\date.test.ts" time="3.602">
<system-out>
<![CDATA[
[[ATTACHMENT|cdms-JP-MVN2025-ALL-date---d9fee-하려고-할-때-확인-메시지-Dialog-가-보인다-cdms\trace.zip]]
]]>
</system-out>
</testcase>
<testcase name="[EDC] Data Capture 테스트 › [EDC] IE Data Capture Test › 저장된 IE 페이지에서 미입력 Field에 Auto Query가 보인다" classname="cdms\JP-MVN2025-ALL\date.test.ts" time="0.787">
<system-out>
<![CDATA[
[[ATTACHMENT|cdms-JP-MVN2025-ALL-date---ba095--미입력-Field에-Auto-Query가-보인다-cdms\trace.zip]]
]]>
</system-out>
</testcase>
<testcase name="[EDC] Data Capture 테스트 › [EDC] MH Dictionary Capture Test › MH 페이지의 Dictionary 아이템 입력 길이가 제한된다" classname="cdms\JP-MVN2025-ALL\date.test.ts" time="9.124">
<system-out>
<![CDATA[팝업 1개 처리 완료
이미 활성화 된 페이지

[[ATTACHMENT|cdms-JP-MVN2025-ALL-date---a39fd--Dictionary-아이템-입력-길이가-제한된다-cdms\trace.zip]]
]]>
</system-out>
</testcase>
<testcase name="[EDC] Data Capture 테스트 › [EDC] Date Item UK Format Capture Test › Day UK 입력 저장 시 Audit에서 UK-MMM-YYYY 포맷으로 기록된다" classname="cdms\JP-MVN2025-ALL\date.test.ts" time="7.533">
<system-out>
<![CDATA[팝업 1개 처리 완료

[[ATTACHMENT|cdms-JP-MVN2025-ALL-date---d517d-dit에서-UK-MMM-YYYY-포맷으로-기록된다-cdms\trace.zip]]
]]>
</system-out>
</testcase>
<testcase name="[EDC] Data Capture 테스트 › [EDC] Date Item UK Format Capture Test › Month UK 입력 저장 시 Audit에서 DD-UNK-YYYY 포맷으로 기록된다" classname="cdms\JP-MVN2025-ALL\date.test.ts" time="2.435">
<system-out>
<![CDATA[
[[ATTACHMENT|cdms-JP-MVN2025-ALL-date---91b8d-dit에서-DD-UNK-YYYY-포맷으로-기록된다-cdms\trace.zip]]
]]>
</system-out>
</testcase>
<testcase name="[EDC] Data Capture 테스트 › [EDC] Date Item UK Format Capture Test › 모든 UK 입력 저장 시 Audit에서 UK-UNK-UKUK으로 기록된다" classname="cdms\JP-MVN2025-ALL\date.test.ts" time="3.948">
<system-out>
<![CDATA[
[[ATTACHMENT|cdms-JP-MVN2025-ALL-date---b8a13--Audit에서-UK-UNK-UKUK으로-기록된다-cdms\trace.zip]]
]]>
</system-out>
</testcase>
<testcase name="[EDC] Data Capture 테스트 › [EDC] Background Color Test › 설정한 Background 색상이 표시된다" classname="cdms\JP-MVN2025-ALL\date.test.ts" time="2.232">
<system-out>
<![CDATA[팝업 1개 처리 완료

[[ATTACHMENT|cdms-JP-MVN2025-ALL-date---8207e-est-설정한-Background-색상이-표시된다-cdms\trace.zip]]
]]>
</system-out>
</testcase>
</testsuite>
<testsuite name="cdms\JP-MVN2025-ALL\eSign.test.ts" timestamp="2026-06-01T06:36:47.394Z" hostname="cdms" tests="8" failures="0" skipped="0" time="57.784" errors="0">
<testcase name="[EDC] E-sign 테스트 › [EDC] E-Sign 플로우 › 1. Profile 데이터 입력 및 E-Sign 수행" classname="cdms\JP-MVN2025-ALL\eSign.test.ts" time="18.337">
<system-out>
<![CDATA[팝업 1개 처리 완료

[[ATTACHMENT|cdms-JP-MVN2025-ALL-eSign--b1f96--Profile-데이터-입력-및-E-Sign-수행-cdms\trace.zip]]
]]>
</system-out>
</testcase>
<testcase name="[EDC] E-sign 테스트 › [EDC] E-Sign 플로우 › 2. E-Sign 상태에서 데이터를 변경 후 저장했을 때 E-Sign이 해제된다" classname="cdms\JP-MVN2025-ALL\eSign.test.ts" time="4.842">
<system-out>
<![CDATA[
[[ATTACHMENT|cdms-JP-MVN2025-ALL-eSign--c9516-터를-변경-후-저장했을-때-E-Sign이-해제된다-cdms\trace.zip]]
]]>
</system-out>
</testcase>
<testcase name="[EDC] E-sign 테스트 › [EDC] E-Sign 플로우 › 3. E-Sign 상태에서 Assign Trigger가 실행 될 경우 E-Sign이 해제된다" classname="cdms\JP-MVN2025-ALL\eSign.test.ts" time="12.151">
<system-out>
<![CDATA[
[[ATTACHMENT|cdms-JP-MVN2025-ALL-eSign--52766-igger가-실행-될-경우-E-Sign이-해제된다-cdms\trace.zip]]
]]>
</system-out>
</testcase>
<testcase name="[EDC] E-sign 테스트 › [EDC] E-Sign 플로우 › 4. E-Sign 상태에서 Refresh 실행 후 변경되는 데이터가 없다면 E-Sign이 유지된다" classname="cdms\JP-MVN2025-ALL\eSign.test.ts" time="6.045">
<system-out>
<![CDATA[
[[ATTACHMENT|cdms-JP-MVN2025-ALL-eSign--d6e3a--변경되는-데이터가-없다면-E-Sign이-유지된다-cdms\trace.zip]]
]]>
</system-out>
</testcase>
<testcase name="[EDC] E-sign 테스트 › [EDC] Second E-sign 플로우 › 1. 사용자가 Second E-Sign 버튼을 클릭하면, 전자 서명이 완료되며, 해당 페이지에 서명 날짜가 표기된다" classname="cdms\JP-MVN2025-ALL\eSign.test.ts" time="8.652">
<system-out>
<![CDATA[팝업 1개 처리 완료

[[ATTACHMENT|cdms-JP-MVN2025-ALL-eSign--db598-명이-완료되며-해당-페이지에-서명-날짜가-표기된다-cdms\trace.zip]]
]]>
</system-out>
</testcase>
<testcase name="[EDC] E-sign 테스트 › [EDC] Second E-sign 플로우 › 2. 사용자가 Second E-Sign 버튼을 클릭하여 전자 서명이 완료되면 Audit Trail에 Second E-Sign ON로 표기된다" classname="cdms\JP-MVN2025-ALL\eSign.test.ts" time="3.538">
<system-out>
<![CDATA[
[[ATTACHMENT|cdms-JP-MVN2025-ALL-eSign--66f02-ail에-Second-E-Sign-ON로-표기된다-cdms\trace.zip]]
]]>
</system-out>
</testcase>
<testcase name="[EDC] E-sign 테스트 › [EDC] Second E-sign 플로우 › 3. 사용자가 Cancel Second E-Sign 버튼을 클릭하면, 전자 서명이 취소되며, 해당 페이지의 서명 날짜가 표기되지 않는다" classname="cdms\JP-MVN2025-ALL\eSign.test.ts" time="0.844">
<system-out>
<![CDATA[
[[ATTACHMENT|cdms-JP-MVN2025-ALL-eSign--b59d8-소되며-해당-페이지의-서명-날짜가-표기되지-않는다-cdms\trace.zip]]
]]>
</system-out>
</testcase>
<testcase name="[EDC] E-sign 테스트 › [EDC] Second E-sign 플로우 › 4. 사용자가 Cancel Second E-Sign 버튼을 클릭하면, 전자 서명이 취소되며, Audit Trail에 Second E-Sign OFF로 표기된다" classname="cdms\JP-MVN2025-ALL\eSign.test.ts" time="3.375">
<system-out>
<![CDATA[
[[ATTACHMENT|cdms-JP-MVN2025-ALL-eSign--26b25-il에-Second-E-Sign-OFF로-표기된다-cdms\trace.zip]]
]]>
</system-out>
</testcase>
</testsuite>
<testsuite name="cdms\JP-MVN2025-ALL\notice.test.ts" timestamp="2026-06-01T06:36:47.394Z" hostname="cdms" tests="4" failures="1" skipped="3" time="32.765" errors="0">
<testcase name="Study Notice › 1. 사용자가 새 공지사항을 작성하면 Notice 목록에 반영되어야 한다" classname="cdms\JP-MVN2025-ALL\notice.test.ts" time="32.765">
<failure message="notice.test.ts:56:7 1. 사용자가 새 공지사항을 작성하면 Notice 목록에 반영되어야 한다" type="FAILURE">
<![CDATA[  [cdms] › cdms\JP-MVN2025-ALL\notice.test.ts:56:7 › Study Notice › 1. 사용자가 새 공지사항을 작성하면 Notice 목록에 반영되어야 한다 › Notice 추가 버튼 클릭 및 내용 입력 

    TimeoutError: locator.click: Timeout 30000ms exceeded.
    Call log:
      - waiting for getByRole('button', { name: 'Save' })
        - locator resolved to <button disabled role="button" color="primary" data-testid="button" class="GrButton css-7775kd">…</button>
      - attempting click action
        2 × waiting for element to be visible, enabled and stable
          - element is not enabled
        - retrying click action
        - waiting 20ms
        2 × waiting for element to be visible, enabled and stable
          - element is not enabled
        - retrying click action
          - waiting 100ms
        57 × waiting for element to be visible, enabled and stable
           - element is not enabled
         - retrying click action
           - waiting 500ms


       at ..\pages\cdms\JP-MVN2025-ALL\NoticePage.ts:27

      25 |     await this.page.getByText("Title").click();
      26 |
    > 27 |     await this.page.getByRole('button', { name: getLabel('save', 'en') }).click();
         |                                                                           ^
      28 |     if(await this.page.getByRole('alert').isVisible()){
      29 |         await this.page.getByRole('alert').getByRole('button').click();
      30 |         console.log("저장 토스트 메시지 확인 후 닫음");
        at NoticePage.createNotice (C:\Users\jkan\e2e_auto\pages\cdms\JP-MVN2025-ALL\NoticePage.ts:27:75)
        at C:\Users\jkan\e2e_auto\tests\cdms\JP-MVN2025-ALL\notice.test.ts:58:9
        at C:\Users\jkan\e2e_auto\tests\cdms\JP-MVN2025-ALL\notice.test.ts:57:5

    attachment #1: screenshot (image/png) ──────────────────────────────────────────────────────────
    ..\test-results\cdms-JP-MVN2025-ALL-notice-a611e-항을-작성하면-Notice-목록에-반영되어야-한다-cdms\test-failed-1.png
    ────────────────────────────────────────────────────────────────────────────────────────────────

    Error Context: ..\test-results\cdms-JP-MVN2025-ALL-notice-a611e-항을-작성하면-Notice-목록에-반영되어야-한다-cdms\error-context.md

    attachment #3: trace (application/zip) ─────────────────────────────────────────────────────────
    ..\test-results\cdms-JP-MVN2025-ALL-notice-a611e-항을-작성하면-Notice-목록에-반영되어야-한다-cdms\trace.zip
    Usage:

        npx playwright show-trace ..\test-results\cdms-JP-MVN2025-ALL-notice-a611e-항을-작성하면-Notice-목록에-반영되어야-한다-cdms\trace.zip

    ────────────────────────────────────────────────────────────────────────────────────────────────
]]>
</failure>
<system-out>
<![CDATA[팝업 1개 처리 완료

[[ATTACHMENT|cdms-JP-MVN2025-ALL-notice-a611e-항을-작성하면-Notice-목록에-반영되어야-한다-cdms\test-failed-1.png]]

[[ATTACHMENT|cdms-JP-MVN2025-ALL-notice-a611e-항을-작성하면-Notice-목록에-반영되어야-한다-cdms\error-context.md]]

[[ATTACHMENT|cdms-JP-MVN2025-ALL-notice-a611e-항을-작성하면-Notice-목록에-반영되어야-한다-cdms\trace.zip]]
]]>
</system-out>
<system-err>
<![CDATA[   실패한 테스트: 1. 사용자가 새 공지사항을 작성하면 Notice 목록에 반영되어야 한다
   실패 원인: TimeoutError: locator.click: Timeout 30000ms exceeded.
Call log:
[2m  - waiting for getByRole('button', { name: 'Save' })[22m
[2m    - locator resolved to <button disabled role="button" color="primary" data-testid="button" class="GrButton css-7775kd">…</button>[22m
[2m  - attempting click action[22m
[2m    2 × waiting for element to be visible, enabled and stable[22m
[2m      - element is not enabled[22m
[2m    - retrying click action[22m
[2m    - waiting 20ms[22m
[2m    2 × waiting for element to be visible, enabled and stable[22m
[2m      - element is not enabled[22m
[2m    - retrying click action[22m
[2m      - waiting 100ms[22m
[2m    57 × waiting for element to be visible, enabled and stable[22m
[2m       - element is not enabled[22m
[2m     - retrying click action[22m
[2m       - waiting 500ms[22m

   스크린샷: test-results/screenshots/1. 사용자가 새 공지사항을 작성하면 Notice 목록에 반영되어야 한다.png
]]>
</system-err>
</testcase>
<testcase name="Study Notice › 2. 사용자가 파일을 업로드하면 파일 이름이 화면에 표기된다" classname="cdms\JP-MVN2025-ALL\notice.test.ts" time="0">
<skipped>
</skipped>
</testcase>
<testcase name="Study Notice › 3. 사용자가 공지사항을 수정하면 해당 Notice Detail 페이지에 반영되어야 한다" classname="cdms\JP-MVN2025-ALL\notice.test.ts" time="0">
<skipped>
</skipped>
</testcase>
<testcase name="Study Notice › 4. 사용자가 공지사항을 삭제하면 해당 Notice는 List에서 보이지 않는다" classname="cdms\JP-MVN2025-ALL\notice.test.ts" time="0">
<skipped>
</skipped>
</testcase>
</testsuite>
</testsuites>